<test-run id="2" testcasecount="271" result="Passed" start-time="2022-06-08 16:12:34.177096" end-time="2022-06-08 16:12:57.026414" duration="22" total="271" passed="271" failed="0" inconclusive="0" skipped="0" asserts="0" clr-version="3.9.9 (main, Nov 21 2021, 03:23:42) &#10;[Clang 13.0.0 (clang-1300.0.29.3)]" engine-version="3.6.2"><command-line>/Users/scheltie/Documents/pyvenv/mscheltienne/pycrostates/bin/pytest pycrostates</command-line><filter><test re="0">pycrostates</test></filter><test-suite id="pycrostates/utils/tests/test_utils.py" name="pycrostates/utils/tests/test_utils.py" fullname="pycrostates/utils/tests/test_utils.py" methodname="" classname="" runstate="Runnable" type="Assembly" testcasecount="1" result="Passed" label="" start-time="2022-06-08 16:12:54.953928" end-time="2022-06-08 16:12:54.965621" duration="0.011693" asserts="0" total="1" passed="1" failed="0" warnings="0" inconclusive="0" skipped="0"><properties><property name="python_version" value="3.9.9 (main, Nov 21 2021, 03:23:42) &#10;[Clang 13.0.0 (clang-1300.0.29.3)]" /></properties><test-case id="366" name="pycrostates/utils/tests/test_utils.py::test_compare_infos" fullname="pycrostates/utils/tests/test_utils.py::test_compare_infos" methodname="test_compare_infos" classname="pycrostates/utils/tests/test_utils.py" runstate="Runnable" seed="1" result="Passed" label="Test _compare_infos(cluster_info, inst_info)." start-time="2022-06-08 16:12:54.953928" end-time="2022-06-08 16:12:54.965621" duration="0.011693" asserts="0"><properties><property name="python-version" value="3.9.9 (main, Nov 21 2021, 03:23:42) &#10;[Clang 13.0.0 (clang-1300.0.29.3)]" /><property name="fspath" value="pycrostates/utils/tests/test_utils.py" /></properties><environment framework-version="3.6.2" clr-version="3.9.9 (main, Nov 21 2021, 03:23:42) &#10;[Clang 13.0.0 (clang-1300.0.29.3)]" os-version="20.6.0" platform="Darwin" cwd="/Users/scheltie/Documents/git/mscheltienne/pycrostates" machine-name="x86_64" user="" user-domain="" culture="en-US" uiculture="en-US" os-architecture="64bit" /><failure><message><![CDATA[]]></message><stack-trace><![CDATA[None]]></stack-trace></failure><reason><message><![CDATA[&#x1b;[33mWARNING &#x1b;[0m pycrostates:utils.py:86 Instance to segment into microstates sequence does not have the same channels montage as the instance used for fitting. 
&#x1b;[33mWARNING &#x1b;[0m pycrostates:utils.py:86 Instance to segment into microstates sequence does not have the same channels montage as the instance used for fitting. 
&#x1b;[33mWARNING &#x1b;[0m pycrostates:utils.py:135 Instance to segment into microstates sequence does not have the same channels units as the instance used for fitting. 
&#x1b;[33mWARNING &#x1b;[0m pycrostates:utils.py:142 Instance to segment into microstates sequence does not have the same coordinate frames as the instance used for fitting. 
&#x1b;[33mWARNING &#x1b;[0m pycrostates:utils.py:128 Instance to segment into microstates sequence does not have the same channels kinds as the instance used for fitting. 
&#x1b;[33mWARNING &#x1b;[0m pycrostates:utils.py:128 Instance to segment into microstates sequence does not have the same channels kinds as the instance used for fitting. 
&#x1b;[33mWARNING &#x1b;[0m pycrostates:utils.py:135 Instance to segment into microstates sequence does not have the same channels units as the instance used for fitting. 
&#x1b;[33mWARNING &#x1b;[0m pycrostates:utils.py:142 Instance to segment into microstates sequence does not have the same coordinate frames as the instance used for fitting.]]></message></reason><output><![CDATA[&#x1b;[33mWARNING &#x1b;[0m pycrostates:utils.py:86 Instance to segment into microstates sequence does not have the same channels montage as the instance used for fitting. 
&#x1b;[33mWARNING &#x1b;[0m pycrostates:utils.py:86 Instance to segment into microstates sequence does not have the same channels montage as the instance used for fitting. 
&#x1b;[33mWARNING &#x1b;[0m pycrostates:utils.py:135 Instance to segment into microstates sequence does not have the same channels units as the instance used for fitting. 
&#x1b;[33mWARNING &#x1b;[0m pycrostates:utils.py:142 Instance to segment into microstates sequence does not have the same coordinate frames as the instance used for fitting. 
&#x1b;[33mWARNING &#x1b;[0m pycrostates:utils.py:128 Instance to segment into microstates sequence does not have the same channels kinds as the instance used for fitting. 
&#x1b;[33mWARNING &#x1b;[0m pycrostates:utils.py:128 Instance to segment into microstates sequence does not have the same channels kinds as the instance used for fitting. 
&#x1b;[33mWARNING &#x1b;[0m pycrostates:utils.py:135 Instance to segment into microstates sequence does not have the same channels units as the instance used for fitting. 
&#x1b;[33mWARNING &#x1b;[0m pycrostates:utils.py:142 Instance to segment into microstates sequence does not have the same coordinate frames as the instance used for fitting.]]></output></test-case><environment framework-version="3.6.2" clr-version="3.9.9 (main, Nov 21 2021, 03:23:42) &#10;[Clang 13.0.0 (clang-1300.0.29.3)]" os-version="20.6.0" platform="Darwin" cwd="/Users/scheltie/Documents/git/mscheltienne/pycrostates" machine-name="x86_64" user="" user-domain="" culture="en-US" uiculture="en-US" os-architecture="64bit" /></test-suite><test-suite id="pycrostates/preprocessing/tests/test_extract_gfp_peaks.py" name="pycrostates/preprocessing/tests/test_extract_gfp_peaks.py" fullname="pycrostates/preprocessing/tests/test_extract_gfp_peaks.py" methodname="" classname="" runstate="Runnable" type="Assembly" testcasecount="4" result="Passed" label="" start-time="2022-06-08 16:12:49.337058" end-time="2022-06-08 16:12:49.606486" duration="0.269428" asserts="0" total="4" passed="4" failed="0" warnings="0" inconclusive="0" skipped="0"><properties><property name="python_version" value="3.9.9 (main, Nov 21 2021, 03:23:42) &#10;[Clang 13.0.0 (clang-1300.0.29.3)]" /></properties><test-case id="146" name="pycrostates/preprocessing/tests/test_extract_gfp_peaks.py::test_extract_gfp[inst0]" fullname="pycrostates/preprocessing/tests/test_extract_gfp_peaks.py::test_extract_gfp[inst0]" methodname="test_extract_gfp[inst0]" classname="pycrostates/preprocessing/tests/test_extract_gfp_peaks.py" runstate="Runnable" seed="1" result="Passed" label="Test valid arguments for extract_gfp_peaks." start-time="2022-06-08 16:12:49.337058" end-time="2022-06-08 16:12:49.473799" duration="0.136741" asserts="0"><properties><property name="python-version" value="3.9.9 (main, Nov 21 2021, 03:23:42) &#10;[Clang 13.0.0 (clang-1300.0.29.3)]" /><property name="fspath" value="pycrostates/preprocessing/tests/test_extract_gfp_peaks.py" /></properties><environment framework-version="3.6.2" clr-version="3.9.9 (main, Nov 21 2021, 03:23:42) &#10;[Clang 13.0.0 (clang-1300.0.29.3)]" os-version="20.6.0" platform="Darwin" cwd="/Users/scheltie/Documents/git/mscheltienne/pycrostates" machine-name="x86_64" user="" user-domain="" culture="en-US" uiculture="en-US" os-architecture="64bit" /><failure><message><![CDATA[]]></message><stack-trace><![CDATA[None]]></stack-trace></failure><reason><message><![CDATA[&#x1b;[32mINFO    &#x1b;[0m pycrostates:extract_gfp_peaks.py:98 1076 GFP peaks extracted out of 6007 samples (17.91% of the original data).
&#x1b;[32mINFO    &#x1b;[0m pycrostates:extract_gfp_peaks.py:98 416 GFP peaks extracted out of 6007 samples (6.93% of the original data).
&#x1b;[32mINFO    &#x1b;[0m pycrostates:extract_gfp_peaks.py:98 0 GFP peaks extracted out of 6007 samples (0.00% of the original data).
&#x1b;[32mINFO    &#x1b;[0m pycrostates:extract_gfp_peaks.py:98 55 GFP peaks extracted out of 300 samples (18.33% of the original data).]]></message></reason><output><![CDATA[&#x1b;[32mINFO    &#x1b;[0m pycrostates:extract_gfp_peaks.py:98 1076 GFP peaks extracted out of 6007 samples (17.91% of the original data).
&#x1b;[32mINFO    &#x1b;[0m pycrostates:extract_gfp_peaks.py:98 416 GFP peaks extracted out of 6007 samples (6.93% of the original data).
&#x1b;[32mINFO    &#x1b;[0m pycrostates:extract_gfp_peaks.py:98 0 GFP peaks extracted out of 6007 samples (0.00% of the original data).
&#x1b;[32mINFO    &#x1b;[0m pycrostates:extract_gfp_peaks.py:98 55 GFP peaks extracted out of 300 samples (18.33% of the original data).]]></output></test-case><test-case id="147" name="pycrostates/preprocessing/tests/test_extract_gfp_peaks.py::test_extract_gfp[inst1]" fullname="pycrostates/preprocessing/tests/test_extract_gfp_peaks.py::test_extract_gfp[inst1]" methodname="test_extract_gfp[inst1]" classname="pycrostates/preprocessing/tests/test_extract_gfp_peaks.py" runstate="Runnable" seed="1" result="Passed" label="Test valid arguments for extract_gfp_peaks." start-time="2022-06-08 16:12:49.474529" end-time="2022-06-08 16:12:49.604021" duration="0.129492" asserts="0"><properties><property name="python-version" value="3.9.9 (main, Nov 21 2021, 03:23:42) &#10;[Clang 13.0.0 (clang-1300.0.29.3)]" /><property name="fspath" value="pycrostates/preprocessing/tests/test_extract_gfp_peaks.py" /></properties><environment framework-version="3.6.2" clr-version="3.9.9 (main, Nov 21 2021, 03:23:42) &#10;[Clang 13.0.0 (clang-1300.0.29.3)]" os-version="20.6.0" platform="Darwin" cwd="/Users/scheltie/Documents/git/mscheltienne/pycrostates" machine-name="x86_64" user="" user-domain="" culture="en-US" uiculture="en-US" os-architecture="64bit" /><failure><message><![CDATA[]]></message><stack-trace><![CDATA[None]]></stack-trace></failure><reason><message><![CDATA[&#x1b;[32mINFO    &#x1b;[0m pycrostates:extract_gfp_peaks.py:98 1075 GFP peaks extracted out of 6010 samples (17.89% of the original data).
&#x1b;[32mINFO    &#x1b;[0m pycrostates:extract_gfp_peaks.py:98 417 GFP peaks extracted out of 6010 samples (6.94% of the original data).
&#x1b;[32mINFO    &#x1b;[0m pycrostates:extract_gfp_peaks.py:98 0 GFP peaks extracted out of 6010 samples (0.00% of the original data).
&#x1b;[32mINFO    &#x1b;[0m pycrostates:extract_gfp_peaks.py:98 525 GFP peaks extracted out of 3000 samples (17.50% of the original data).]]></message></reason><output><![CDATA[&#x1b;[32mINFO    &#x1b;[0m pycrostates:extract_gfp_peaks.py:98 1075 GFP peaks extracted out of 6010 samples (17.89% of the original data).
&#x1b;[32mINFO    &#x1b;[0m pycrostates:extract_gfp_peaks.py:98 417 GFP peaks extracted out of 6010 samples (6.94% of the original data).
&#x1b;[32mINFO    &#x1b;[0m pycrostates:extract_gfp_peaks.py:98 0 GFP peaks extracted out of 6010 samples (0.00% of the original data).
&#x1b;[32mINFO    &#x1b;[0m pycrostates:extract_gfp_peaks.py:98 525 GFP peaks extracted out of 3000 samples (17.50% of the original data).]]></output></test-case><test-case id="148" name="pycrostates/preprocessing/tests/test_extract_gfp_peaks.py::test_extract_gfp_invalid_arguments[inst0]" fullname="pycrostates/preprocessing/tests/test_extract_gfp_peaks.py::test_extract_gfp_invalid_arguments[inst0]" methodname="test_extract_gfp_invalid_arguments[inst0]" classname="pycrostates/preprocessing/tests/test_extract_gfp_peaks.py" runstate="Runnable" seed="1" result="Passed" label="Test errors raised when invalid arguments are provided." start-time="2022-06-08 16:12:49.604620" end-time="2022-06-08 16:12:49.605423" duration="0.000803" asserts="0"><properties><property name="python-version" value="3.9.9 (main, Nov 21 2021, 03:23:42) &#10;[Clang 13.0.0 (clang-1300.0.29.3)]" /><property name="fspath" value="pycrostates/preprocessing/tests/test_extract_gfp_peaks.py" /></properties><environment framework-version="3.6.2" clr-version="3.9.9 (main, Nov 21 2021, 03:23:42) &#10;[Clang 13.0.0 (clang-1300.0.29.3)]" os-version="20.6.0" platform="Darwin" cwd="/Users/scheltie/Documents/git/mscheltienne/pycrostates" machine-name="x86_64" user="" user-domain="" culture="en-US" uiculture="en-US" os-architecture="64bit" /><failure><message><![CDATA[]]></message><stack-trace><![CDATA[None]]></stack-trace></failure><reason><message><![CDATA[]]></message></reason><output><![CDATA[]]></output></test-case><test-case id="149" name="pycrostates/preprocessing/tests/test_extract_gfp_peaks.py::test_extract_gfp_invalid_arguments[inst1]" fullname="pycrostates/preprocessing/tests/test_extract_gfp_peaks.py::test_extract_gfp_invalid_arguments[inst1]" methodname="test_extract_gfp_invalid_arguments[inst1]" classname="pycrostates/preprocessing/tests/test_extract_gfp_peaks.py" runstate="Runnable" seed="1" result="Passed" label="Test errors raised when invalid arguments are provided." start-time="2022-06-08 16:12:49.605934" end-time="2022-06-08 16:12:49.606486" duration="0.000552" asserts="0"><properties><property name="python-version" value="3.9.9 (main, Nov 21 2021, 03:23:42) &#10;[Clang 13.0.0 (clang-1300.0.29.3)]" /><property name="fspath" value="pycrostates/preprocessing/tests/test_extract_gfp_peaks.py" /></properties><environment framework-version="3.6.2" clr-version="3.9.9 (main, Nov 21 2021, 03:23:42) &#10;[Clang 13.0.0 (clang-1300.0.29.3)]" os-version="20.6.0" platform="Darwin" cwd="/Users/scheltie/Documents/git/mscheltienne/pycrostates" machine-name="x86_64" user="" user-domain="" culture="en-US" uiculture="en-US" os-architecture="64bit" /><failure><message><![CDATA[]]></message><stack-trace><![CDATA[None]]></stack-trace></failure><reason><message><![CDATA[]]></message></reason><output><![CDATA[]]></output></test-case><environment framework-version="3.6.2" clr-version="3.9.9 (main, Nov 21 2021, 03:23:42) &#10;[Clang 13.0.0 (clang-1300.0.29.3)]" os-version="20.6.0" platform="Darwin" cwd="/Users/scheltie/Documents/git/mscheltienne/pycrostates" machine-name="x86_64" user="" user-domain="" culture="en-US" uiculture="en-US" os-architecture="64bit" /></test-suite><test-suite id="pycrostates/tests/test_utils.py" name="pycrostates/tests/test_utils.py" fullname="pycrostates/tests/test_utils.py" methodname="" classname="" runstate="Runnable" type="Assembly" testcasecount="1" result="Passed" label="" start-time="2022-06-08 16:12:53.589012" end-time="2022-06-08 16:12:53.589476" duration="0.000464" asserts="0" total="1" passed="1" failed="0" warnings="0" inconclusive="0" skipped="0"><properties><property name="python_version" value="3.9.9 (main, Nov 21 2021, 03:23:42) &#10;[Clang 13.0.0 (clang-1300.0.29.3)]" /></properties><test-case id="352" name="pycrostates/tests/test_utils.py::test_get_config" fullname="pycrostates/tests/test_utils.py::test_get_config" methodname="test_get_config" classname="pycrostates/tests/test_utils.py" runstate="Runnable" seed="1" result="Passed" label="" start-time="2022-06-08 16:12:53.589012" end-time="2022-06-08 16:12:53.589476" duration="0.000464" asserts="0"><properties><property name="python-version" value="3.9.9 (main, Nov 21 2021, 03:23:42) &#10;[Clang 13.0.0 (clang-1300.0.29.3)]" /><property name="fspath" value="pycrostates/tests/test_utils.py" /></properties><environment framework-version="3.6.2" clr-version="3.9.9 (main, Nov 21 2021, 03:23:42) &#10;[Clang 13.0.0 (clang-1300.0.29.3)]" os-version="20.6.0" platform="Darwin" cwd="/Users/scheltie/Documents/git/mscheltienne/pycrostates" machine-name="x86_64" user="" user-domain="" culture="en-US" uiculture="en-US" os-architecture="64bit" /><failure><message><![CDATA[]]></message><stack-trace><![CDATA[None]]></stack-trace></failure><reason><message><![CDATA[]]></message></reason><output><![CDATA[]]></output></test-case><environment framework-version="3.6.2" clr-version="3.9.9 (main, Nov 21 2021, 03:23:42) &#10;[Clang 13.0.0 (clang-1300.0.29.3)]" os-version="20.6.0" platform="Darwin" cwd="/Users/scheltie/Documents/git/mscheltienne/pycrostates" machine-name="x86_64" user="" user-domain="" culture="en-US" uiculture="en-US" os-architecture="64bit" /></test-suite><test-suite id="pycrostates/utils/tests/test_checks.py" name="pycrostates/utils/tests/test_checks.py" fullname="pycrostates/utils/tests/test_checks.py" methodname="" classname="" runstate="Runnable" type="Assembly" testcasecount="8" result="Passed" label="Test _checks.py" start-time="2022-06-08 16:12:53.590108" end-time="2022-06-08 16:12:54.943980" duration="1.353872" asserts="0" total="8" passed="8" failed="0" warnings="0" inconclusive="0" skipped="0"><properties><property name="python_version" value="3.9.9 (main, Nov 21 2021, 03:23:42) &#10;[Clang 13.0.0 (clang-1300.0.29.3)]" /></properties><test-case id="353" name="pycrostates/utils/tests/test_checks.py::test_ensure_int" fullname="pycrostates/utils/tests/test_checks.py::test_ensure_int" methodname="test_ensure_int" classname="pycrostates/utils/tests/test_checks.py" runstate="Runnable" seed="1" result="Passed" label="Test _ensure_int checker." start-time="2022-06-08 16:12:53.590108" end-time="2022-06-08 16:12:53.590556" duration="0.000448" asserts="0"><properties><property name="python-version" value="3.9.9 (main, Nov 21 2021, 03:23:42) &#10;[Clang 13.0.0 (clang-1300.0.29.3)]" /><property name="fspath" value="pycrostates/utils/tests/test_checks.py" /></properties><environment framework-version="3.6.2" clr-version="3.9.9 (main, Nov 21 2021, 03:23:42) &#10;[Clang 13.0.0 (clang-1300.0.29.3)]" os-version="20.6.0" platform="Darwin" cwd="/Users/scheltie/Documents/git/mscheltienne/pycrostates" machine-name="x86_64" user="" user-domain="" culture="en-US" uiculture="en-US" os-architecture="64bit" /><failure><message><![CDATA[]]></message><stack-trace><![CDATA[None]]></stack-trace></failure><reason><message><![CDATA[]]></message></reason><output><![CDATA[]]></output></test-case><test-case id="354" name="pycrostates/utils/tests/test_checks.py::test_check_type" fullname="pycrostates/utils/tests/test_checks.py::test_check_type" methodname="test_check_type" classname="pycrostates/utils/tests/test_checks.py" runstate="Runnable" seed="1" result="Passed" label="Test _check_type checker." start-time="2022-06-08 16:12:53.590877" end-time="2022-06-08 16:12:53.591489" duration="0.000612" asserts="0"><properties><property name="python-version" value="3.9.9 (main, Nov 21 2021, 03:23:42) &#10;[Clang 13.0.0 (clang-1300.0.29.3)]" /><property name="fspath" value="pycrostates/utils/tests/test_checks.py" /></properties><environment framework-version="3.6.2" clr-version="3.9.9 (main, Nov 21 2021, 03:23:42) &#10;[Clang 13.0.0 (clang-1300.0.29.3)]" os-version="20.6.0" platform="Darwin" cwd="/Users/scheltie/Documents/git/mscheltienne/pycrostates" machine-name="x86_64" user="" user-domain="" culture="en-US" uiculture="en-US" os-architecture="64bit" /><failure><message><![CDATA[]]></message><stack-trace><![CDATA[None]]></stack-trace></failure><reason><message><![CDATA[]]></message></reason><output><![CDATA[]]></output></test-case><test-case id="355" name="pycrostates/utils/tests/test_checks.py::test_check_value" fullname="pycrostates/utils/tests/test_checks.py::test_check_value" methodname="test_check_value" classname="pycrostates/utils/tests/test_checks.py" runstate="Runnable" seed="1" result="Passed" label="Test _check_value checker." start-time="2022-06-08 16:12:53.591828" end-time="2022-06-08 16:12:53.592438" duration="0.00061" asserts="0"><properties><property name="python-version" value="3.9.9 (main, Nov 21 2021, 03:23:42) &#10;[Clang 13.0.0 (clang-1300.0.29.3)]" /><property name="fspath" value="pycrostates/utils/tests/test_checks.py" /></properties><environment framework-version="3.6.2" clr-version="3.9.9 (main, Nov 21 2021, 03:23:42) &#10;[Clang 13.0.0 (clang-1300.0.29.3)]" os-version="20.6.0" platform="Darwin" cwd="/Users/scheltie/Documents/git/mscheltienne/pycrostates" machine-name="x86_64" user="" user-domain="" culture="en-US" uiculture="en-US" os-architecture="64bit" /><failure><message><![CDATA[]]></message><stack-trace><![CDATA[None]]></stack-trace></failure><reason><message><![CDATA[]]></message></reason><output><![CDATA[]]></output></test-case><test-case id="356" name="pycrostates/utils/tests/test_checks.py::test_check_n_jobs" fullname="pycrostates/utils/tests/test_checks.py::test_check_n_jobs" methodname="test_check_n_jobs" classname="pycrostates/utils/tests/test_checks.py" runstate="Runnable" seed="1" result="Passed" label="Test _check_n_jobs checker." start-time="2022-06-08 16:12:53.592772" end-time="2022-06-08 16:12:53.593392" duration="0.00062" asserts="0"><properties><property name="python-version" value="3.9.9 (main, Nov 21 2021, 03:23:42) &#10;[Clang 13.0.0 (clang-1300.0.29.3)]" /><property name="fspath" value="pycrostates/utils/tests/test_checks.py" /></properties><environment framework-version="3.6.2" clr-version="3.9.9 (main, Nov 21 2021, 03:23:42) &#10;[Clang 13.0.0 (clang-1300.0.29.3)]" os-version="20.6.0" platform="Darwin" cwd="/Users/scheltie/Documents/git/mscheltienne/pycrostates" machine-name="x86_64" user="" user-domain="" culture="en-US" uiculture="en-US" os-architecture="64bit" /><failure><message><![CDATA[]]></message><stack-trace><![CDATA[None]]></stack-trace></failure><reason><message><![CDATA[]]></message></reason><output><![CDATA[]]></output></test-case><test-case id="357" name="pycrostates/utils/tests/test_checks.py::test_check_random_state" fullname="pycrostates/utils/tests/test_checks.py::test_check_random_state" methodname="test_check_random_state" classname="pycrostates/utils/tests/test_checks.py" runstate="Runnable" seed="1" result="Passed" label="Test _check_random_state checker." start-time="2022-06-08 16:12:53.593734" end-time="2022-06-08 16:12:53.594698" duration="0.000964" asserts="0"><properties><property name="python-version" value="3.9.9 (main, Nov 21 2021, 03:23:42) &#10;[Clang 13.0.0 (clang-1300.0.29.3)]" /><property name="fspath" value="pycrostates/utils/tests/test_checks.py" /></properties><environment framework-version="3.6.2" clr-version="3.9.9 (main, Nov 21 2021, 03:23:42) &#10;[Clang 13.0.0 (clang-1300.0.29.3)]" os-version="20.6.0" platform="Darwin" cwd="/Users/scheltie/Documents/git/mscheltienne/pycrostates" machine-name="x86_64" user="" user-domain="" culture="en-US" uiculture="en-US" os-architecture="64bit" /><failure><message><![CDATA[]]></message><stack-trace><![CDATA[None]]></stack-trace></failure><reason><message><![CDATA[]]></message></reason><output><![CDATA[]]></output></test-case><test-case id="358" name="pycrostates/utils/tests/test_checks.py::test_check_axes" fullname="pycrostates/utils/tests/test_checks.py::test_check_axes" methodname="test_check_axes" classname="pycrostates/utils/tests/test_checks.py" runstate="Runnable" seed="1" result="Passed" label="Test _check_axes checker." start-time="2022-06-08 16:12:53.595046" end-time="2022-06-08 16:12:54.938657" duration="1.343611" asserts="0"><properties><property name="python-version" value="3.9.9 (main, Nov 21 2021, 03:23:42) &#10;[Clang 13.0.0 (clang-1300.0.29.3)]" /><property name="fspath" value="pycrostates/utils/tests/test_checks.py" /></properties><environment framework-version="3.6.2" clr-version="3.9.9 (main, Nov 21 2021, 03:23:42) &#10;[Clang 13.0.0 (clang-1300.0.29.3)]" os-version="20.6.0" platform="Darwin" cwd="/Users/scheltie/Documents/git/mscheltienne/pycrostates" machine-name="x86_64" user="" user-domain="" culture="en-US" uiculture="en-US" os-architecture="64bit" /><failure><message><![CDATA[]]></message><stack-trace><![CDATA[None]]></stack-trace></failure><reason><message><![CDATA[]]></message></reason><output><![CDATA[]]></output></test-case><test-case id="359" name="pycrostates/utils/tests/test_checks.py::test_check_reject_by_annotation" fullname="pycrostates/utils/tests/test_checks.py::test_check_reject_by_annotation" methodname="test_check_reject_by_annotation" classname="pycrostates/utils/tests/test_checks.py" runstate="Runnable" seed="1" result="Passed" label="Test the checker for reject_by_annoation argument." start-time="2022-06-08 16:12:54.939094" end-time="2022-06-08 16:12:54.939716" duration="0.000622" asserts="0"><properties><property name="python-version" value="3.9.9 (main, Nov 21 2021, 03:23:42) &#10;[Clang 13.0.0 (clang-1300.0.29.3)]" /><property name="fspath" value="pycrostates/utils/tests/test_checks.py" /></properties><environment framework-version="3.6.2" clr-version="3.9.9 (main, Nov 21 2021, 03:23:42) &#10;[Clang 13.0.0 (clang-1300.0.29.3)]" os-version="20.6.0" platform="Darwin" cwd="/Users/scheltie/Documents/git/mscheltienne/pycrostates" machine-name="x86_64" user="" user-domain="" culture="en-US" uiculture="en-US" os-architecture="64bit" /><failure><message><![CDATA[]]></message><stack-trace><![CDATA[None]]></stack-trace></failure><reason><message><![CDATA[]]></message></reason><output><![CDATA[]]></output></test-case><test-case id="360" name="pycrostates/utils/tests/test_checks.py::test_check_tmin_tmax" fullname="pycrostates/utils/tests/test_checks.py::test_check_tmin_tmax" methodname="test_check_tmin_tmax" classname="pycrostates/utils/tests/test_checks.py" runstate="Runnable" seed="1" result="Passed" label="Test the checker for tmin/tmax arguments." start-time="2022-06-08 16:12:54.940088" end-time="2022-06-08 16:12:54.943980" duration="0.003892" asserts="0"><properties><property name="python-version" value="3.9.9 (main, Nov 21 2021, 03:23:42) &#10;[Clang 13.0.0 (clang-1300.0.29.3)]" /><property name="fspath" value="pycrostates/utils/tests/test_checks.py" /></properties><environment framework-version="3.6.2" clr-version="3.9.9 (main, Nov 21 2021, 03:23:42) &#10;[Clang 13.0.0 (clang-1300.0.29.3)]" os-version="20.6.0" platform="Darwin" cwd="/Users/scheltie/Documents/git/mscheltienne/pycrostates" machine-name="x86_64" user="" user-domain="" culture="en-US" uiculture="en-US" os-architecture="64bit" /><failure><message><![CDATA[]]></message><stack-trace><![CDATA[None]]></stack-trace></failure><reason><message><![CDATA[]]></message></reason><output><![CDATA[]]></output></test-case><environment framework-version="3.6.2" clr-version="3.9.9 (main, Nov 21 2021, 03:23:42) &#10;[Clang 13.0.0 (clang-1300.0.29.3)]" os-version="20.6.0" platform="Darwin" cwd="/Users/scheltie/Documents/git/mscheltienne/pycrostates" machine-name="x86_64" user="" user-domain="" culture="en-US" uiculture="en-US" os-architecture="64bit" /></test-suite><test-suite id="pycrostates/viz/tests/test_cluster_centers.py" name="pycrostates/viz/tests/test_cluster_centers.py" fullname="pycrostates/viz/tests/test_cluster_centers.py" methodname="" classname="" runstate="Runnable" type="Assembly" testcasecount="2" result="Passed" label="" start-time="2022-06-08 16:12:54.966366" end-time="2022-06-08 16:12:55.546563" duration="0.580197" asserts="0" total="2" passed="2" failed="0" warnings="0" inconclusive="0" skipped="0"><properties><property name="python_version" value="3.9.9 (main, Nov 21 2021, 03:23:42) &#10;[Clang 13.0.0 (clang-1300.0.29.3)]" /></properties><test-case id="367" name="pycrostates/viz/tests/test_cluster_centers.py::test_plot_cluster_centers" fullname="pycrostates/viz/tests/test_cluster_centers.py::test_plot_cluster_centers" methodname="test_plot_cluster_centers" classname="pycrostates/viz/tests/test_cluster_centers.py" runstate="Runnable" seed="1" result="Passed" label="Test topographic plots for cluster_centers." start-time="2022-06-08 16:12:54.966366" end-time="2022-06-08 16:12:55.445193" duration="0.478827" asserts="0"><properties><property name="python-version" value="3.9.9 (main, Nov 21 2021, 03:23:42) &#10;[Clang 13.0.0 (clang-1300.0.29.3)]" /><property name="fspath" value="pycrostates/viz/tests/test_cluster_centers.py" /></properties><environment framework-version="3.6.2" clr-version="3.9.9 (main, Nov 21 2021, 03:23:42) &#10;[Clang 13.0.0 (clang-1300.0.29.3)]" os-version="20.6.0" platform="Darwin" cwd="/Users/scheltie/Documents/git/mscheltienne/pycrostates" machine-name="x86_64" user="" user-domain="" culture="en-US" uiculture="en-US" os-architecture="64bit" /><failure><message><![CDATA[]]></message><stack-trace><![CDATA[None]]></stack-trace></failure><reason><message><![CDATA[&#x1b;[33mWARNING &#x1b;[0m root:layout.py:671 Did not find any electrode locations (in the info object), will attempt to use digitization points instead. However, if digitization points do not correspond to the EEG electrodes, this will lead to bad results. Please verify that the sensor locations in the plot are accurate.]]></message></reason><output><![CDATA[&#x1b;[33mWARNING &#x1b;[0m root:layout.py:671 Did not find any electrode locations (in the info object), will attempt to use digitization points instead. However, if digitization points do not correspond to the EEG electrodes, this will lead to bad results. Please verify that the sensor locations in the plot are accurate.]]></output></test-case><test-case id="368" name="pycrostates/viz/tests/test_cluster_centers.py::test_with_grid_layout" fullname="pycrostates/viz/tests/test_cluster_centers.py::test_with_grid_layout" methodname="test_with_grid_layout" classname="pycrostates/viz/tests/test_cluster_centers.py" runstate="Runnable" seed="1" result="Passed" label="Test topographic plots for cluster centers with grid-like layout." start-time="2022-06-08 16:12:55.445677" end-time="2022-06-08 16:12:55.546563" duration="0.100886" asserts="0"><properties><property name="python-version" value="3.9.9 (main, Nov 21 2021, 03:23:42) &#10;[Clang 13.0.0 (clang-1300.0.29.3)]" /><property name="fspath" value="pycrostates/viz/tests/test_cluster_centers.py" /></properties><environment framework-version="3.6.2" clr-version="3.9.9 (main, Nov 21 2021, 03:23:42) &#10;[Clang 13.0.0 (clang-1300.0.29.3)]" os-version="20.6.0" platform="Darwin" cwd="/Users/scheltie/Documents/git/mscheltienne/pycrostates" machine-name="x86_64" user="" user-domain="" culture="en-US" uiculture="en-US" os-architecture="64bit" /><failure><message><![CDATA[]]></message><stack-trace><![CDATA[None]]></stack-trace></failure><reason><message><![CDATA[]]></message></reason><output><![CDATA[]]></output></test-case><environment framework-version="3.6.2" clr-version="3.9.9 (main, Nov 21 2021, 03:23:42) &#10;[Clang 13.0.0 (clang-1300.0.29.3)]" os-version="20.6.0" platform="Darwin" cwd="/Users/scheltie/Documents/git/mscheltienne/pycrostates" machine-name="x86_64" user="" user-domain="" culture="en-US" uiculture="en-US" os-architecture="64bit" /></test-suite><test-suite id="pycrostates/io/tests/test_ch_data.py" name="pycrostates/io/tests/test_ch_data.py" fullname="pycrostates/io/tests/test_ch_data.py" methodname="" classname="" runstate="Runnable" type="Assembly" testcasecount="2" result="Passed" label="" start-time="2022-06-08 16:12:47.175050" end-time="2022-06-08 16:12:47.196071" duration="0.021021" asserts="0" total="2" passed="2" failed="0" warnings="0" inconclusive="0" skipped="0"><properties><property name="python_version" value="3.9.9 (main, Nov 21 2021, 03:23:42) &#10;[Clang 13.0.0 (clang-1300.0.29.3)]" /></properties><test-case id="122" name="pycrostates/io/tests/test_ch_data.py::test_ChData" fullname="pycrostates/io/tests/test_ch_data.py::test_ChData" methodname="test_ChData" classname="pycrostates/io/tests/test_ch_data.py" runstate="Runnable" seed="1" result="Passed" label="Test basic ChData functionalities." start-time="2022-06-08 16:12:47.175050" end-time="2022-06-08 16:12:47.194036" duration="0.018986" asserts="0"><properties><property name="python-version" value="3.9.9 (main, Nov 21 2021, 03:23:42) &#10;[Clang 13.0.0 (clang-1300.0.29.3)]" /><property name="fspath" value="pycrostates/io/tests/test_ch_data.py" /></properties><environment framework-version="3.6.2" clr-version="3.9.9 (main, Nov 21 2021, 03:23:42) &#10;[Clang 13.0.0 (clang-1300.0.29.3)]" os-version="20.6.0" platform="Darwin" cwd="/Users/scheltie/Documents/git/mscheltienne/pycrostates" machine-name="x86_64" user="" user-domain="" culture="en-US" uiculture="en-US" os-architecture="64bit" /><failure><message><![CDATA[]]></message><stack-trace><![CDATA[None]]></stack-trace></failure><reason><message><![CDATA[]]></message></reason><output><![CDATA[]]></output></test-case><test-case id="123" name="pycrostates/io/tests/test_ch_data.py::test_ChData_invalid_arguments" fullname="pycrostates/io/tests/test_ch_data.py::test_ChData_invalid_arguments" methodname="test_ChData_invalid_arguments" classname="pycrostates/io/tests/test_ch_data.py" runstate="Runnable" seed="1" result="Passed" label="Test error raised when invalid arguments are provided to ChData." start-time="2022-06-08 16:12:47.194502" end-time="2022-06-08 16:12:47.196071" duration="0.001569" asserts="0"><properties><property name="python-version" value="3.9.9 (main, Nov 21 2021, 03:23:42) &#10;[Clang 13.0.0 (clang-1300.0.29.3)]" /><property name="fspath" value="pycrostates/io/tests/test_ch_data.py" /></properties><environment framework-version="3.6.2" clr-version="3.9.9 (main, Nov 21 2021, 03:23:42) &#10;[Clang 13.0.0 (clang-1300.0.29.3)]" os-version="20.6.0" platform="Darwin" cwd="/Users/scheltie/Documents/git/mscheltienne/pycrostates" machine-name="x86_64" user="" user-domain="" culture="en-US" uiculture="en-US" os-architecture="64bit" /><failure><message><![CDATA[]]></message><stack-trace><![CDATA[None]]></stack-trace></failure><reason><message><![CDATA[]]></message></reason><output><![CDATA[]]></output></test-case><environment framework-version="3.6.2" clr-version="3.9.9 (main, Nov 21 2021, 03:23:42) &#10;[Clang 13.0.0 (clang-1300.0.29.3)]" os-version="20.6.0" platform="Darwin" cwd="/Users/scheltie/Documents/git/mscheltienne/pycrostates" machine-name="x86_64" user="" user-domain="" culture="en-US" uiculture="en-US" os-architecture="64bit" /></test-suite><test-suite id="pycrostates/io/tests/test_fiff.py" name="pycrostates/io/tests/test_fiff.py" fullname="pycrostates/io/tests/test_fiff.py" methodname="" classname="" runstate="Runnable" type="Assembly" testcasecount="5" result="Passed" label="Test import/export to FIFF format." start-time="2022-06-08 16:12:47.197272" end-time="2022-06-08 16:12:48.228315" duration="1.031043" asserts="0" total="5" passed="5" failed="0" warnings="0" inconclusive="0" skipped="0"><properties><property name="python_version" value="3.9.9 (main, Nov 21 2021, 03:23:42) &#10;[Clang 13.0.0 (clang-1300.0.29.3)]" /></properties><test-case id="124" name="pycrostates/io/tests/test_fiff.py::test_write_and_read" fullname="pycrostates/io/tests/test_fiff.py::test_write_and_read" methodname="test_write_and_read" classname="pycrostates/io/tests/test_fiff.py" runstate="Runnable" seed="1" result="Passed" label="Test writing of .fif file." start-time="2022-06-08 16:12:47.197272" end-time="2022-06-08 16:12:47.507232" duration="0.30996" asserts="0"><properties><property name="python-version" value="3.9.9 (main, Nov 21 2021, 03:23:42) &#10;[Clang 13.0.0 (clang-1300.0.29.3)]" /><property name="fspath" value="pycrostates/io/tests/test_fiff.py" /></properties><environment framework-version="3.6.2" clr-version="3.9.9 (main, Nov 21 2021, 03:23:42) &#10;[Clang 13.0.0 (clang-1300.0.29.3)]" os-version="20.6.0" platform="Darwin" cwd="/Users/scheltie/Documents/git/mscheltienne/pycrostates" machine-name="x86_64" user="" user-domain="" culture="en-US" uiculture="en-US" os-architecture="64bit" /><failure><message><![CDATA[]]></message><stack-trace><![CDATA[None]]></stack-trace></failure><reason><message><![CDATA[&#x1b;[32mINFO    &#x1b;[0m pycrostates:fiff.py:125 Writing clustering solution to /private/var/folders/b1/kx2x00x95ls80zzkct4647sh0000gn/T/pytest-of-scheltie/pytest-2/test_write_and_read0/cluster.fif...
&#x1b;[32mINFO    &#x1b;[0m pycrostates:fiff.py:125 Writing clustering solution to /private/var/folders/b1/kx2x00x95ls80zzkct4647sh0000gn/T/pytest-of-scheltie/pytest-2/test_write_and_read0/cluster.fif.gz...
&#x1b;[32mINFO    &#x1b;[0m pycrostates:fiff.py:239 Reading clustering solution from /private/var/folders/b1/kx2x00x95ls80zzkct4647sh0000gn/T/pytest-of-scheltie/pytest-2/test_write_and_read0/cluster.fif...
&#x1b;[32mINFO    &#x1b;[0m pycrostates:fiff.py:239 Reading clustering solution from /private/var/folders/b1/kx2x00x95ls80zzkct4647sh0000gn/T/pytest-of-scheltie/pytest-2/test_write_and_read0/cluster.fif.gz...
&#x1b;[32mINFO    &#x1b;[0m pycrostates:_base.py:611 Segmenting data without smoothing.
&#x1b;[32mINFO    &#x1b;[0m pycrostates:_base.py:625 Rejecting first and last segments.
&#x1b;[32mINFO    &#x1b;[0m pycrostates:_base.py:611 Segmenting data without smoothing.
&#x1b;[32mINFO    &#x1b;[0m pycrostates:_base.py:625 Rejecting first and last segments.
&#x1b;[32mINFO    &#x1b;[0m pycrostates:_base.py:611 Segmenting data without smoothing.
&#x1b;[32mINFO    &#x1b;[0m pycrostates:_base.py:625 Rejecting first and last segments.]]></message></reason><output><![CDATA[&#x1b;[32mINFO    &#x1b;[0m pycrostates:fiff.py:125 Writing clustering solution to /private/var/folders/b1/kx2x00x95ls80zzkct4647sh0000gn/T/pytest-of-scheltie/pytest-2/test_write_and_read0/cluster.fif...
&#x1b;[32mINFO    &#x1b;[0m pycrostates:fiff.py:125 Writing clustering solution to /private/var/folders/b1/kx2x00x95ls80zzkct4647sh0000gn/T/pytest-of-scheltie/pytest-2/test_write_and_read0/cluster.fif.gz...
&#x1b;[32mINFO    &#x1b;[0m pycrostates:fiff.py:239 Reading clustering solution from /private/var/folders/b1/kx2x00x95ls80zzkct4647sh0000gn/T/pytest-of-scheltie/pytest-2/test_write_and_read0/cluster.fif...
&#x1b;[32mINFO    &#x1b;[0m pycrostates:fiff.py:239 Reading clustering solution from /private/var/folders/b1/kx2x00x95ls80zzkct4647sh0000gn/T/pytest-of-scheltie/pytest-2/test_write_and_read0/cluster.fif.gz...
&#x1b;[32mINFO    &#x1b;[0m pycrostates:_base.py:611 Segmenting data without smoothing.
&#x1b;[32mINFO    &#x1b;[0m pycrostates:_base.py:625 Rejecting first and last segments.
&#x1b;[32mINFO    &#x1b;[0m pycrostates:_base.py:611 Segmenting data without smoothing.
&#x1b;[32mINFO    &#x1b;[0m pycrostates:_base.py:625 Rejecting first and last segments.
&#x1b;[32mINFO    &#x1b;[0m pycrostates:_base.py:611 Segmenting data without smoothing.
&#x1b;[32mINFO    &#x1b;[0m pycrostates:_base.py:625 Rejecting first and last segments.]]></output></test-case><test-case id="125" name="pycrostates/io/tests/test_fiff.py::test_invalid_write" fullname="pycrostates/io/tests/test_fiff.py::test_invalid_write" methodname="test_invalid_write" classname="pycrostates/io/tests/test_fiff.py" runstate="Runnable" seed="1" result="Passed" label="Test invalid arguments provided to write." start-time="2022-06-08 16:12:47.508374" end-time="2022-06-08 16:12:47.511403" duration="0.003029" asserts="0"><properties><property name="python-version" value="3.9.9 (main, Nov 21 2021, 03:23:42) &#10;[Clang 13.0.0 (clang-1300.0.29.3)]" /><property name="fspath" value="pycrostates/io/tests/test_fiff.py" /></properties><environment framework-version="3.6.2" clr-version="3.9.9 (main, Nov 21 2021, 03:23:42) &#10;[Clang 13.0.0 (clang-1300.0.29.3)]" os-version="20.6.0" platform="Darwin" cwd="/Users/scheltie/Documents/git/mscheltienne/pycrostates" machine-name="x86_64" user="" user-domain="" culture="en-US" uiculture="en-US" os-architecture="64bit" /><failure><message><![CDATA[]]></message><stack-trace><![CDATA[None]]></stack-trace></failure><reason><message><![CDATA[]]></message></reason><output><![CDATA[]]></output></test-case><test-case id="126" name="pycrostates/io/tests/test_fiff.py::test_prepare_kwargs" fullname="pycrostates/io/tests/test_fiff.py::test_prepare_kwargs" methodname="test_prepare_kwargs" classname="pycrostates/io/tests/test_fiff.py" runstate="Runnable" seed="1" result="Passed" label="Test _prepare_kwargs." start-time="2022-06-08 16:12:47.511851" end-time="2022-06-08 16:12:47.512476" duration="0.000625" asserts="0"><properties><property name="python-version" value="3.9.9 (main, Nov 21 2021, 03:23:42) &#10;[Clang 13.0.0 (clang-1300.0.29.3)]" /><property name="fspath" value="pycrostates/io/tests/test_fiff.py" /></properties><environment framework-version="3.6.2" clr-version="3.9.9 (main, Nov 21 2021, 03:23:42) &#10;[Clang 13.0.0 (clang-1300.0.29.3)]" os-version="20.6.0" platform="Darwin" cwd="/Users/scheltie/Documents/git/mscheltienne/pycrostates" machine-name="x86_64" user="" user-domain="" culture="en-US" uiculture="en-US" os-architecture="64bit" /><failure><message><![CDATA[]]></message><stack-trace><![CDATA[None]]></stack-trace></failure><reason><message><![CDATA[]]></message></reason><output><![CDATA[]]></output></test-case><test-case id="127" name="pycrostates/io/tests/test_fiff.py::test_prepare_kwargs_ModKMeans" fullname="pycrostates/io/tests/test_fiff.py::test_prepare_kwargs_ModKMeans" methodname="test_prepare_kwargs_ModKMeans" classname="pycrostates/io/tests/test_fiff.py" runstate="Runnable" seed="1" result="Passed" label="Test invalid key/values for ModKMeans." start-time="2022-06-08 16:12:47.512909" end-time="2022-06-08 16:12:47.513910" duration="0.001001" asserts="0"><properties><property name="python-version" value="3.9.9 (main, Nov 21 2021, 03:23:42) &#10;[Clang 13.0.0 (clang-1300.0.29.3)]" /><property name="fspath" value="pycrostates/io/tests/test_fiff.py" /></properties><environment framework-version="3.6.2" clr-version="3.9.9 (main, Nov 21 2021, 03:23:42) &#10;[Clang 13.0.0 (clang-1300.0.29.3)]" os-version="20.6.0" platform="Darwin" cwd="/Users/scheltie/Documents/git/mscheltienne/pycrostates" machine-name="x86_64" user="" user-domain="" culture="en-US" uiculture="en-US" os-architecture="64bit" /><failure><message><![CDATA[]]></message><stack-trace><![CDATA[None]]></stack-trace></failure><reason><message><![CDATA[]]></message></reason><output><![CDATA[]]></output></test-case><test-case id="128" name="pycrostates/io/tests/test_fiff.py::test_invalid_read" fullname="pycrostates/io/tests/test_fiff.py::test_invalid_read" methodname="test_invalid_read" classname="pycrostates/io/tests/test_fiff.py" runstate="Runnable" seed="1" result="Passed" label="Test invalid arguments provided to read." start-time="2022-06-08 16:12:47.514870" end-time="2022-06-08 16:12:48.228315" duration="0.713445" asserts="0"><properties><property name="python-version" value="3.9.9 (main, Nov 21 2021, 03:23:42) &#10;[Clang 13.0.0 (clang-1300.0.29.3)]" /><property name="fspath" value="pycrostates/io/tests/test_fiff.py" /></properties><environment framework-version="3.6.2" clr-version="3.9.9 (main, Nov 21 2021, 03:23:42) &#10;[Clang 13.0.0 (clang-1300.0.29.3)]" os-version="20.6.0" platform="Darwin" cwd="/Users/scheltie/Documents/git/mscheltienne/pycrostates" machine-name="x86_64" user="" user-domain="" culture="en-US" uiculture="en-US" os-architecture="64bit" /><failure><message><![CDATA[]]></message><stack-trace><![CDATA[None]]></stack-trace></failure><reason><message><![CDATA[&#x1b;[32mINFO    &#x1b;[0m pycrostates:fiff.py:239 Reading clustering solution from /Users/scheltie/mne_data/MNE-testing-data/MEG/sample/sample_audvis_trunc_raw.fif...
&#x1b;[32mINFO    &#x1b;[0m pycrostates:fiff.py:239 Reading clustering solution from /Users/scheltie/mne_data/MNE-testing-data/MEG/sample/sample_audvis_trunc_raw.fif...]]></message></reason><output><![CDATA[&#x1b;[32mINFO    &#x1b;[0m pycrostates:fiff.py:239 Reading clustering solution from /Users/scheltie/mne_data/MNE-testing-data/MEG/sample/sample_audvis_trunc_raw.fif...
&#x1b;[32mINFO    &#x1b;[0m pycrostates:fiff.py:239 Reading clustering solution from /Users/scheltie/mne_data/MNE-testing-data/MEG/sample/sample_audvis_trunc_raw.fif...]]></output></test-case><environment framework-version="3.6.2" clr-version="3.9.9 (main, Nov 21 2021, 03:23:42) &#10;[Clang 13.0.0 (clang-1300.0.29.3)]" os-version="20.6.0" platform="Darwin" cwd="/Users/scheltie/Documents/git/mscheltienne/pycrostates" machine-name="x86_64" user="" user-domain="" culture="en-US" uiculture="en-US" os-architecture="64bit" /></test-suite><test-suite id="pycrostates/metrics/tests/test_metrics.py" name="pycrostates/metrics/tests/test_metrics.py" fullname="pycrostates/metrics/tests/test_metrics.py" methodname="" classname="" runstate="Runnable" type="Assembly" testcasecount="4" result="Passed" label="Test Metrics." start-time="2022-06-08 16:12:48.557699" end-time="2022-06-08 16:12:49.335888" duration="0.778189" asserts="0" total="4" passed="4" failed="0" warnings="0" inconclusive="0" skipped="0"><properties><property name="python_version" value="3.9.9 (main, Nov 21 2021, 03:23:42) &#10;[Clang 13.0.0 (clang-1300.0.29.3)]" /></properties><test-case id="142" name="pycrostates/metrics/tests/test_metrics.py::test_silouhette" fullname="pycrostates/metrics/tests/test_metrics.py::test_silouhette" methodname="test_silouhette" classname="pycrostates/metrics/tests/test_metrics.py" runstate="Runnable" seed="1" result="Passed" label="" start-time="2022-06-08 16:12:48.557699" end-time="2022-06-08 16:12:48.805848" duration="0.248149" asserts="0"><properties><property name="python-version" value="3.9.9 (main, Nov 21 2021, 03:23:42) &#10;[Clang 13.0.0 (clang-1300.0.29.3)]" /><property name="fspath" value="pycrostates/metrics/tests/test_metrics.py" /></properties><environment framework-version="3.6.2" clr-version="3.9.9 (main, Nov 21 2021, 03:23:42) &#10;[Clang 13.0.0 (clang-1300.0.29.3)]" os-version="20.6.0" platform="Darwin" cwd="/Users/scheltie/Documents/git/mscheltienne/pycrostates" machine-name="x86_64" user="" user-domain="" culture="en-US" uiculture="en-US" os-architecture="64bit" /><failure><message><![CDATA[]]></message><stack-trace><![CDATA[None]]></stack-trace></failure><reason><message><![CDATA[]]></message></reason><output><![CDATA[]]></output></test-case><test-case id="143" name="pycrostates/metrics/tests/test_metrics.py::test_calinski_harabasz" fullname="pycrostates/metrics/tests/test_metrics.py::test_calinski_harabasz" methodname="test_calinski_harabasz" classname="pycrostates/metrics/tests/test_metrics.py" runstate="Runnable" seed="1" result="Passed" label="" start-time="2022-06-08 16:12:48.806343" end-time="2022-06-08 16:12:48.809265" duration="0.002922" asserts="0"><properties><property name="python-version" value="3.9.9 (main, Nov 21 2021, 03:23:42) &#10;[Clang 13.0.0 (clang-1300.0.29.3)]" /><property name="fspath" value="pycrostates/metrics/tests/test_metrics.py" /></properties><environment framework-version="3.6.2" clr-version="3.9.9 (main, Nov 21 2021, 03:23:42) &#10;[Clang 13.0.0 (clang-1300.0.29.3)]" os-version="20.6.0" platform="Darwin" cwd="/Users/scheltie/Documents/git/mscheltienne/pycrostates" machine-name="x86_64" user="" user-domain="" culture="en-US" uiculture="en-US" os-architecture="64bit" /><failure><message><![CDATA[]]></message><stack-trace><![CDATA[None]]></stack-trace></failure><reason><message><![CDATA[]]></message></reason><output><![CDATA[]]></output></test-case><test-case id="144" name="pycrostates/metrics/tests/test_metrics.py::test_dunn" fullname="pycrostates/metrics/tests/test_metrics.py::test_dunn" methodname="test_dunn" classname="pycrostates/metrics/tests/test_metrics.py" runstate="Runnable" seed="1" result="Passed" label="" start-time="2022-06-08 16:12:48.809741" end-time="2022-06-08 16:12:49.300988" duration="0.491247" asserts="0"><properties><property name="python-version" value="3.9.9 (main, Nov 21 2021, 03:23:42) &#10;[Clang 13.0.0 (clang-1300.0.29.3)]" /><property name="fspath" value="pycrostates/metrics/tests/test_metrics.py" /></properties><environment framework-version="3.6.2" clr-version="3.9.9 (main, Nov 21 2021, 03:23:42) &#10;[Clang 13.0.0 (clang-1300.0.29.3)]" os-version="20.6.0" platform="Darwin" cwd="/Users/scheltie/Documents/git/mscheltienne/pycrostates" machine-name="x86_64" user="" user-domain="" culture="en-US" uiculture="en-US" os-architecture="64bit" /><failure><message><![CDATA[]]></message><stack-trace><![CDATA[None]]></stack-trace></failure><reason><message><![CDATA[]]></message></reason><output><![CDATA[]]></output></test-case><test-case id="145" name="pycrostates/metrics/tests/test_metrics.py::test_davies_bouldin" fullname="pycrostates/metrics/tests/test_metrics.py::test_davies_bouldin" methodname="test_davies_bouldin" classname="pycrostates/metrics/tests/test_metrics.py" runstate="Runnable" seed="1" result="Passed" label="" start-time="2022-06-08 16:12:49.301560" end-time="2022-06-08 16:12:49.335888" duration="0.034328" asserts="0"><properties><property name="python-version" value="3.9.9 (main, Nov 21 2021, 03:23:42) &#10;[Clang 13.0.0 (clang-1300.0.29.3)]" /><property name="fspath" value="pycrostates/metrics/tests/test_metrics.py" /></properties><environment framework-version="3.6.2" clr-version="3.9.9 (main, Nov 21 2021, 03:23:42) &#10;[Clang 13.0.0 (clang-1300.0.29.3)]" os-version="20.6.0" platform="Darwin" cwd="/Users/scheltie/Documents/git/mscheltienne/pycrostates" machine-name="x86_64" user="" user-domain="" culture="en-US" uiculture="en-US" os-architecture="64bit" /><failure><message><![CDATA[]]></message><stack-trace><![CDATA[None]]></stack-trace></failure><reason><message><![CDATA[]]></message></reason><output><![CDATA[]]></output></test-case><environment framework-version="3.6.2" clr-version="3.9.9 (main, Nov 21 2021, 03:23:42) &#10;[Clang 13.0.0 (clang-1300.0.29.3)]" os-version="20.6.0" platform="Darwin" cwd="/Users/scheltie/Documents/git/mscheltienne/pycrostates" machine-name="x86_64" user="" user-domain="" culture="en-US" uiculture="en-US" os-architecture="64bit" /></test-suite><test-suite id="pycrostates/viz/tests/test_segmentation.py" name="pycrostates/viz/tests/test_segmentation.py" fullname="pycrostates/viz/tests/test_segmentation.py" methodname="" classname="" runstate="Runnable" type="Assembly" testcasecount="2" result="Passed" label="" start-time="2022-06-08 16:12:55.547238" end-time="2022-06-08 16:12:57.026149" duration="1.478911" asserts="0" total="2" passed="2" failed="0" warnings="0" inconclusive="0" skipped="0"><properties><property name="python_version" value="3.9.9 (main, Nov 21 2021, 03:23:42) &#10;[Clang 13.0.0 (clang-1300.0.29.3)]" /></properties><test-case id="369" name="pycrostates/viz/tests/test_segmentation.py::test_plot_raw_segmentation" fullname="pycrostates/viz/tests/test_segmentation.py::test_plot_raw_segmentation" methodname="test_plot_raw_segmentation" classname="pycrostates/viz/tests/test_segmentation.py" runstate="Runnable" seed="1" result="Passed" label="Test segmentation plots for raw." start-time="2022-06-08 16:12:55.547238" end-time="2022-06-08 16:12:56.512193" duration="0.964955" asserts="0"><properties><property name="python-version" value="3.9.9 (main, Nov 21 2021, 03:23:42) &#10;[Clang 13.0.0 (clang-1300.0.29.3)]" /><property name="fspath" value="pycrostates/viz/tests/test_segmentation.py" /></properties><environment framework-version="3.6.2" clr-version="3.9.9 (main, Nov 21 2021, 03:23:42) &#10;[Clang 13.0.0 (clang-1300.0.29.3)]" os-version="20.6.0" platform="Darwin" cwd="/Users/scheltie/Documents/git/mscheltienne/pycrostates" machine-name="x86_64" user="" user-domain="" culture="en-US" uiculture="en-US" os-architecture="64bit" /><failure><message><![CDATA[]]></message><stack-trace><![CDATA[None]]></stack-trace></failure><reason><message><![CDATA[&#x1b;[32mINFO    &#x1b;[0m pycrostates:segmentation.py:242 For visualization purposes, the last segment appears truncated by 1 sample. In the case where the last segment is 1 sample long, it does not appear.
&#x1b;[32mINFO    &#x1b;[0m pycrostates:segmentation.py:242 For visualization purposes, the last segment appears truncated by 1 sample. In the case where the last segment is 1 sample long, it does not appear.
&#x1b;[32mINFO    &#x1b;[0m pycrostates:segmentation.py:242 For visualization purposes, the last segment appears truncated by 1 sample. In the case where the last segment is 1 sample long, it does not appear.
&#x1b;[32mINFO    &#x1b;[0m pycrostates:segmentation.py:242 For visualization purposes, the last segment appears truncated by 1 sample. In the case where the last segment is 1 sample long, it does not appear.
&#x1b;[32mINFO    &#x1b;[0m pycrostates:segmentation.py:242 For visualization purposes, the last segment appears truncated by 1 sample. In the case where the last segment is 1 sample long, it does not appear.]]></message></reason><output><![CDATA[&#x1b;[32mINFO    &#x1b;[0m pycrostates:segmentation.py:242 For visualization purposes, the last segment appears truncated by 1 sample. In the case where the last segment is 1 sample long, it does not appear.
&#x1b;[32mINFO    &#x1b;[0m pycrostates:segmentation.py:242 For visualization purposes, the last segment appears truncated by 1 sample. In the case where the last segment is 1 sample long, it does not appear.
&#x1b;[32mINFO    &#x1b;[0m pycrostates:segmentation.py:242 For visualization purposes, the last segment appears truncated by 1 sample. In the case where the last segment is 1 sample long, it does not appear.
&#x1b;[32mINFO    &#x1b;[0m pycrostates:segmentation.py:242 For visualization purposes, the last segment appears truncated by 1 sample. In the case where the last segment is 1 sample long, it does not appear.
&#x1b;[32mINFO    &#x1b;[0m pycrostates:segmentation.py:242 For visualization purposes, the last segment appears truncated by 1 sample. In the case where the last segment is 1 sample long, it does not appear.]]></output></test-case><test-case id="370" name="pycrostates/viz/tests/test_segmentation.py::test_plot_epoch_segmentation" fullname="pycrostates/viz/tests/test_segmentation.py::test_plot_epoch_segmentation" methodname="test_plot_epoch_segmentation" classname="pycrostates/viz/tests/test_segmentation.py" runstate="Runnable" seed="1" result="Passed" label="Test segmentation plots for epochs." start-time="2022-06-08 16:12:56.512617" end-time="2022-06-08 16:12:57.026149" duration="0.513532" asserts="0"><properties><property name="python-version" value="3.9.9 (main, Nov 21 2021, 03:23:42) &#10;[Clang 13.0.0 (clang-1300.0.29.3)]" /><property name="fspath" value="pycrostates/viz/tests/test_segmentation.py" /></properties><environment framework-version="3.6.2" clr-version="3.9.9 (main, Nov 21 2021, 03:23:42) &#10;[Clang 13.0.0 (clang-1300.0.29.3)]" os-version="20.6.0" platform="Darwin" cwd="/Users/scheltie/Documents/git/mscheltienne/pycrostates" machine-name="x86_64" user="" user-domain="" culture="en-US" uiculture="en-US" os-architecture="64bit" /><failure><message><![CDATA[]]></message><stack-trace><![CDATA[None]]></stack-trace></failure><reason><message><![CDATA[&#x1b;[32mINFO    &#x1b;[0m pycrostates:segmentation.py:242 For visualization purposes, the last segment appears truncated by 1 sample. In the case where the last segment is 1 sample long, it does not appear.
&#x1b;[32mINFO    &#x1b;[0m pycrostates:segmentation.py:242 For visualization purposes, the last segment appears truncated by 1 sample. In the case where the last segment is 1 sample long, it does not appear.
&#x1b;[32mINFO    &#x1b;[0m pycrostates:segmentation.py:242 For visualization purposes, the last segment appears truncated by 1 sample. In the case where the last segment is 1 sample long, it does not appear.
&#x1b;[32mINFO    &#x1b;[0m pycrostates:segmentation.py:242 For visualization purposes, the last segment appears truncated by 1 sample. In the case where the last segment is 1 sample long, it does not appear.
&#x1b;[32mINFO    &#x1b;[0m pycrostates:segmentation.py:242 For visualization purposes, the last segment appears truncated by 1 sample. In the case where the last segment is 1 sample long, it does not appear.]]></message></reason><output><![CDATA[&#x1b;[32mINFO    &#x1b;[0m pycrostates:segmentation.py:242 For visualization purposes, the last segment appears truncated by 1 sample. In the case where the last segment is 1 sample long, it does not appear.
&#x1b;[32mINFO    &#x1b;[0m pycrostates:segmentation.py:242 For visualization purposes, the last segment appears truncated by 1 sample. In the case where the last segment is 1 sample long, it does not appear.
&#x1b;[32mINFO    &#x1b;[0m pycrostates:segmentation.py:242 For visualization purposes, the last segment appears truncated by 1 sample. In the case where the last segment is 1 sample long, it does not appear.
&#x1b;[32mINFO    &#x1b;[0m pycrostates:segmentation.py:242 For visualization purposes, the last segment appears truncated by 1 sample. In the case where the last segment is 1 sample long, it does not appear.
&#x1b;[32mINFO    &#x1b;[0m pycrostates:segmentation.py:242 For visualization purposes, the last segment appears truncated by 1 sample. In the case where the last segment is 1 sample long, it does not appear.]]></output></test-case><environment framework-version="3.6.2" clr-version="3.9.9 (main, Nov 21 2021, 03:23:42) &#10;[Clang 13.0.0 (clang-1300.0.29.3)]" os-version="20.6.0" platform="Darwin" cwd="/Users/scheltie/Documents/git/mscheltienne/pycrostates" machine-name="x86_64" user="" user-domain="" culture="en-US" uiculture="en-US" os-architecture="64bit" /></test-suite><test-suite id="pycrostates/preprocessing/tests/test_resample.py" name="pycrostates/preprocessing/tests/test_resample.py" fullname="pycrostates/preprocessing/tests/test_resample.py" methodname="" classname="" runstate="Runnable" type="Assembly" testcasecount="190" result="Passed" label="" start-time="2022-06-08 16:12:49.607360" end-time="2022-06-08 16:12:52.199836" duration="2.592476" asserts="0" total="190" passed="190" failed="0" warnings="0" inconclusive="0" skipped="0"><properties><property name="python_version" value="3.9.9 (main, Nov 21 2021, 03:23:42) &#10;[Clang 13.0.0 (clang-1300.0.29.3)]" /></properties><test-case id="150" name="pycrostates/preprocessing/tests/test_resample.py::test_resample_n_resamples_n_samples[inst0-True-1-100]" fullname="pycrostates/preprocessing/tests/test_resample.py::test_resample_n_resamples_n_samples[inst0-True-1-100]" methodname="test_resample_n_resamples_n_samples[inst0-True-1-100]" classname="pycrostates/preprocessing/tests/test_resample.py" runstate="Runnable" seed="1" result="Passed" label="Test resampling with n_resamples and n_samples provided." start-time="2022-06-08 16:12:49.607360" end-time="2022-06-08 16:12:49.611625" duration="0.004265" asserts="0"><properties><property name="python-version" value="3.9.9 (main, Nov 21 2021, 03:23:42) &#10;[Clang 13.0.0 (clang-1300.0.29.3)]" /><property name="fspath" value="pycrostates/preprocessing/tests/test_resample.py" /></properties><environment framework-version="3.6.2" clr-version="3.9.9 (main, Nov 21 2021, 03:23:42) &#10;[Clang 13.0.0 (clang-1300.0.29.3)]" os-version="20.6.0" platform="Darwin" cwd="/Users/scheltie/Documents/git/mscheltienne/pycrostates" machine-name="x86_64" user="" user-domain="" culture="en-US" uiculture="en-US" os-architecture="64bit" /><failure><message><![CDATA[]]></message><stack-trace><![CDATA[None]]></stack-trace></failure><reason><message><![CDATA[&#x1b;[32mINFO    &#x1b;[0m pycrostates:resample.py:170 Resampling instance into 1 resamples of 100 samples covering 6007.00% of the original data.]]></message></reason><output><![CDATA[&#x1b;[32mINFO    &#x1b;[0m pycrostates:resample.py:170 Resampling instance into 1 resamples of 100 samples covering 6007.00% of the original data.]]></output></test-case><test-case id="151" name="pycrostates/preprocessing/tests/test_resample.py::test_resample_n_resamples_n_samples[inst1-True-1-300]" fullname="pycrostates/preprocessing/tests/test_resample.py::test_resample_n_resamples_n_samples[inst1-True-1-300]" methodname="test_resample_n_resamples_n_samples[inst1-True-1-300]" classname="pycrostates/preprocessing/tests/test_resample.py" runstate="Runnable" seed="1" result="Passed" label="Test resampling with n_resamples and n_samples provided." start-time="2022-06-08 16:12:49.612295" end-time="2022-06-08 16:12:49.616333" duration="0.004038" asserts="0"><properties><property name="python-version" value="3.9.9 (main, Nov 21 2021, 03:23:42) &#10;[Clang 13.0.0 (clang-1300.0.29.3)]" /><property name="fspath" value="pycrostates/preprocessing/tests/test_resample.py" /></properties><environment framework-version="3.6.2" clr-version="3.9.9 (main, Nov 21 2021, 03:23:42) &#10;[Clang 13.0.0 (clang-1300.0.29.3)]" os-version="20.6.0" platform="Darwin" cwd="/Users/scheltie/Documents/git/mscheltienne/pycrostates" machine-name="x86_64" user="" user-domain="" culture="en-US" uiculture="en-US" os-architecture="64bit" /><failure><message><![CDATA[]]></message><stack-trace><![CDATA[None]]></stack-trace></failure><reason><message><![CDATA[&#x1b;[32mINFO    &#x1b;[0m pycrostates:resample.py:170 Resampling instance into 1 resamples of 300 samples covering 2002.33% of the original data.]]></message></reason><output><![CDATA[&#x1b;[32mINFO    &#x1b;[0m pycrostates:resample.py:170 Resampling instance into 1 resamples of 300 samples covering 2002.33% of the original data.]]></output></test-case><test-case id="152" name="pycrostates/preprocessing/tests/test_resample.py::test_resample_n_resamples_n_samples[inst2-True-1-500]" fullname="pycrostates/preprocessing/tests/test_resample.py::test_resample_n_resamples_n_samples[inst2-True-1-500]" methodname="test_resample_n_resamples_n_samples[inst2-True-1-500]" classname="pycrostates/preprocessing/tests/test_resample.py" runstate="Runnable" seed="1" result="Passed" label="Test resampling with n_resamples and n_samples provided." start-time="2022-06-08 16:12:49.617017" end-time="2022-06-08 16:12:49.621048" duration="0.004031" asserts="0"><properties><property name="python-version" value="3.9.9 (main, Nov 21 2021, 03:23:42) &#10;[Clang 13.0.0 (clang-1300.0.29.3)]" /><property name="fspath" value="pycrostates/preprocessing/tests/test_resample.py" /></properties><environment framework-version="3.6.2" clr-version="3.9.9 (main, Nov 21 2021, 03:23:42) &#10;[Clang 13.0.0 (clang-1300.0.29.3)]" os-version="20.6.0" platform="Darwin" cwd="/Users/scheltie/Documents/git/mscheltienne/pycrostates" machine-name="x86_64" user="" user-domain="" culture="en-US" uiculture="en-US" os-architecture="64bit" /><failure><message><![CDATA[]]></message><stack-trace><![CDATA[None]]></stack-trace></failure><reason><message><![CDATA[&#x1b;[32mINFO    &#x1b;[0m pycrostates:resample.py:170 Resampling instance into 1 resamples of 500 samples covering 1201.40% of the original data.]]></message></reason><output><![CDATA[&#x1b;[32mINFO    &#x1b;[0m pycrostates:resample.py:170 Resampling instance into 1 resamples of 500 samples covering 1201.40% of the original data.]]></output></test-case><test-case id="153" name="pycrostates/preprocessing/tests/test_resample.py::test_resample_n_resamples_n_samples[inst3-True-3-100]" fullname="pycrostates/preprocessing/tests/test_resample.py::test_resample_n_resamples_n_samples[inst3-True-3-100]" methodname="test_resample_n_resamples_n_samples[inst3-True-3-100]" classname="pycrostates/preprocessing/tests/test_resample.py" runstate="Runnable" seed="1" result="Passed" label="Test resampling with n_resamples and n_samples provided." start-time="2022-06-08 16:12:49.621722" end-time="2022-06-08 16:12:49.625800" duration="0.004078" asserts="0"><properties><property name="python-version" value="3.9.9 (main, Nov 21 2021, 03:23:42) &#10;[Clang 13.0.0 (clang-1300.0.29.3)]" /><property name="fspath" value="pycrostates/preprocessing/tests/test_resample.py" /></properties><environment framework-version="3.6.2" clr-version="3.9.9 (main, Nov 21 2021, 03:23:42) &#10;[Clang 13.0.0 (clang-1300.0.29.3)]" os-version="20.6.0" platform="Darwin" cwd="/Users/scheltie/Documents/git/mscheltienne/pycrostates" machine-name="x86_64" user="" user-domain="" culture="en-US" uiculture="en-US" os-architecture="64bit" /><failure><message><![CDATA[]]></message><stack-trace><![CDATA[None]]></stack-trace></failure><reason><message><![CDATA[&#x1b;[32mINFO    &#x1b;[0m pycrostates:resample.py:170 Resampling instance into 3 resamples of 100 samples covering 2002.33% of the original data.]]></message></reason><output><![CDATA[&#x1b;[32mINFO    &#x1b;[0m pycrostates:resample.py:170 Resampling instance into 3 resamples of 100 samples covering 2002.33% of the original data.]]></output></test-case><test-case id="154" name="pycrostates/preprocessing/tests/test_resample.py::test_resample_n_resamples_n_samples[inst4-True-3-300]" fullname="pycrostates/preprocessing/tests/test_resample.py::test_resample_n_resamples_n_samples[inst4-True-3-300]" methodname="test_resample_n_resamples_n_samples[inst4-True-3-300]" classname="pycrostates/preprocessing/tests/test_resample.py" runstate="Runnable" seed="1" result="Passed" label="Test resampling with n_resamples and n_samples provided." start-time="2022-06-08 16:12:49.626487" end-time="2022-06-08 16:12:49.630770" duration="0.004283" asserts="0"><properties><property name="python-version" value="3.9.9 (main, Nov 21 2021, 03:23:42) &#10;[Clang 13.0.0 (clang-1300.0.29.3)]" /><property name="fspath" value="pycrostates/preprocessing/tests/test_resample.py" /></properties><environment framework-version="3.6.2" clr-version="3.9.9 (main, Nov 21 2021, 03:23:42) &#10;[Clang 13.0.0 (clang-1300.0.29.3)]" os-version="20.6.0" platform="Darwin" cwd="/Users/scheltie/Documents/git/mscheltienne/pycrostates" machine-name="x86_64" user="" user-domain="" culture="en-US" uiculture="en-US" os-architecture="64bit" /><failure><message><![CDATA[]]></message><stack-trace><![CDATA[None]]></stack-trace></failure><reason><message><![CDATA[&#x1b;[32mINFO    &#x1b;[0m pycrostates:resample.py:170 Resampling instance into 3 resamples of 300 samples covering 667.44% of the original data.]]></message></reason><output><![CDATA[&#x1b;[32mINFO    &#x1b;[0m pycrostates:resample.py:170 Resampling instance into 3 resamples of 300 samples covering 667.44% of the original data.]]></output></test-case><test-case id="155" name="pycrostates/preprocessing/tests/test_resample.py::test_resample_n_resamples_n_samples[inst5-True-3-500]" fullname="pycrostates/preprocessing/tests/test_resample.py::test_resample_n_resamples_n_samples[inst5-True-3-500]" methodname="test_resample_n_resamples_n_samples[inst5-True-3-500]" classname="pycrostates/preprocessing/tests/test_resample.py" runstate="Runnable" seed="1" result="Passed" label="Test resampling with n_resamples and n_samples provided." start-time="2022-06-08 16:12:49.631472" end-time="2022-06-08 16:12:49.635767" duration="0.004295" asserts="0"><properties><property name="python-version" value="3.9.9 (main, Nov 21 2021, 03:23:42) &#10;[Clang 13.0.0 (clang-1300.0.29.3)]" /><property name="fspath" value="pycrostates/preprocessing/tests/test_resample.py" /></properties><environment framework-version="3.6.2" clr-version="3.9.9 (main, Nov 21 2021, 03:23:42) &#10;[Clang 13.0.0 (clang-1300.0.29.3)]" os-version="20.6.0" platform="Darwin" cwd="/Users/scheltie/Documents/git/mscheltienne/pycrostates" machine-name="x86_64" user="" user-domain="" culture="en-US" uiculture="en-US" os-architecture="64bit" /><failure><message><![CDATA[]]></message><stack-trace><![CDATA[None]]></stack-trace></failure><reason><message><![CDATA[&#x1b;[32mINFO    &#x1b;[0m pycrostates:resample.py:170 Resampling instance into 3 resamples of 500 samples covering 400.47% of the original data.]]></message></reason><output><![CDATA[&#x1b;[32mINFO    &#x1b;[0m pycrostates:resample.py:170 Resampling instance into 3 resamples of 500 samples covering 400.47% of the original data.]]></output></test-case><test-case id="156" name="pycrostates/preprocessing/tests/test_resample.py::test_resample_n_resamples_n_samples[inst6-True-5-100]" fullname="pycrostates/preprocessing/tests/test_resample.py::test_resample_n_resamples_n_samples[inst6-True-5-100]" methodname="test_resample_n_resamples_n_samples[inst6-True-5-100]" classname="pycrostates/preprocessing/tests/test_resample.py" runstate="Runnable" seed="1" result="Passed" label="Test resampling with n_resamples and n_samples provided." start-time="2022-06-08 16:12:49.636450" end-time="2022-06-08 16:12:49.640730" duration="0.00428" asserts="0"><properties><property name="python-version" value="3.9.9 (main, Nov 21 2021, 03:23:42) &#10;[Clang 13.0.0 (clang-1300.0.29.3)]" /><property name="fspath" value="pycrostates/preprocessing/tests/test_resample.py" /></properties><environment framework-version="3.6.2" clr-version="3.9.9 (main, Nov 21 2021, 03:23:42) &#10;[Clang 13.0.0 (clang-1300.0.29.3)]" os-version="20.6.0" platform="Darwin" cwd="/Users/scheltie/Documents/git/mscheltienne/pycrostates" machine-name="x86_64" user="" user-domain="" culture="en-US" uiculture="en-US" os-architecture="64bit" /><failure><message><![CDATA[]]></message><stack-trace><![CDATA[None]]></stack-trace></failure><reason><message><![CDATA[&#x1b;[32mINFO    &#x1b;[0m pycrostates:resample.py:170 Resampling instance into 5 resamples of 100 samples covering 1201.40% of the original data.]]></message></reason><output><![CDATA[&#x1b;[32mINFO    &#x1b;[0m pycrostates:resample.py:170 Resampling instance into 5 resamples of 100 samples covering 1201.40% of the original data.]]></output></test-case><test-case id="157" name="pycrostates/preprocessing/tests/test_resample.py::test_resample_n_resamples_n_samples[inst7-True-5-300]" fullname="pycrostates/preprocessing/tests/test_resample.py::test_resample_n_resamples_n_samples[inst7-True-5-300]" methodname="test_resample_n_resamples_n_samples[inst7-True-5-300]" classname="pycrostates/preprocessing/tests/test_resample.py" runstate="Runnable" seed="1" result="Passed" label="Test resampling with n_resamples and n_samples provided." start-time="2022-06-08 16:12:49.641593" end-time="2022-06-08 16:12:49.645740" duration="0.004147" asserts="0"><properties><property name="python-version" value="3.9.9 (main, Nov 21 2021, 03:23:42) &#10;[Clang 13.0.0 (clang-1300.0.29.3)]" /><property name="fspath" value="pycrostates/preprocessing/tests/test_resample.py" /></properties><environment framework-version="3.6.2" clr-version="3.9.9 (main, Nov 21 2021, 03:23:42) &#10;[Clang 13.0.0 (clang-1300.0.29.3)]" os-version="20.6.0" platform="Darwin" cwd="/Users/scheltie/Documents/git/mscheltienne/pycrostates" machine-name="x86_64" user="" user-domain="" culture="en-US" uiculture="en-US" os-architecture="64bit" /><failure><message><![CDATA[]]></message><stack-trace><![CDATA[None]]></stack-trace></failure><reason><message><![CDATA[&#x1b;[32mINFO    &#x1b;[0m pycrostates:resample.py:170 Resampling instance into 5 resamples of 300 samples covering 400.47% of the original data.]]></message></reason><output><![CDATA[&#x1b;[32mINFO    &#x1b;[0m pycrostates:resample.py:170 Resampling instance into 5 resamples of 300 samples covering 400.47% of the original data.]]></output></test-case><test-case id="158" name="pycrostates/preprocessing/tests/test_resample.py::test_resample_n_resamples_n_samples[inst8-True-5-500]" fullname="pycrostates/preprocessing/tests/test_resample.py::test_resample_n_resamples_n_samples[inst8-True-5-500]" methodname="test_resample_n_resamples_n_samples[inst8-True-5-500]" classname="pycrostates/preprocessing/tests/test_resample.py" runstate="Runnable" seed="1" result="Passed" label="Test resampling with n_resamples and n_samples provided." start-time="2022-06-08 16:12:49.646319" end-time="2022-06-08 16:12:49.650447" duration="0.004128" asserts="0"><properties><property name="python-version" value="3.9.9 (main, Nov 21 2021, 03:23:42) &#10;[Clang 13.0.0 (clang-1300.0.29.3)]" /><property name="fspath" value="pycrostates/preprocessing/tests/test_resample.py" /></properties><environment framework-version="3.6.2" clr-version="3.9.9 (main, Nov 21 2021, 03:23:42) &#10;[Clang 13.0.0 (clang-1300.0.29.3)]" os-version="20.6.0" platform="Darwin" cwd="/Users/scheltie/Documents/git/mscheltienne/pycrostates" machine-name="x86_64" user="" user-domain="" culture="en-US" uiculture="en-US" os-architecture="64bit" /><failure><message><![CDATA[]]></message><stack-trace><![CDATA[None]]></stack-trace></failure><reason><message><![CDATA[&#x1b;[32mINFO    &#x1b;[0m pycrostates:resample.py:170 Resampling instance into 5 resamples of 500 samples covering 240.28% of the original data.]]></message></reason><output><![CDATA[&#x1b;[32mINFO    &#x1b;[0m pycrostates:resample.py:170 Resampling instance into 5 resamples of 500 samples covering 240.28% of the original data.]]></output></test-case><test-case id="159" name="pycrostates/preprocessing/tests/test_resample.py::test_resample_n_resamples_n_samples[inst9-True-7-100]" fullname="pycrostates/preprocessing/tests/test_resample.py::test_resample_n_resamples_n_samples[inst9-True-7-100]" methodname="test_resample_n_resamples_n_samples[inst9-True-7-100]" classname="pycrostates/preprocessing/tests/test_resample.py" runstate="Runnable" seed="1" result="Passed" label="Test resampling with n_resamples and n_samples provided." start-time="2022-06-08 16:12:49.651082" end-time="2022-06-08 16:12:49.655850" duration="0.004768" asserts="0"><properties><property name="python-version" value="3.9.9 (main, Nov 21 2021, 03:23:42) &#10;[Clang 13.0.0 (clang-1300.0.29.3)]" /><property name="fspath" value="pycrostates/preprocessing/tests/test_resample.py" /></properties><environment framework-version="3.6.2" clr-version="3.9.9 (main, Nov 21 2021, 03:23:42) &#10;[Clang 13.0.0 (clang-1300.0.29.3)]" os-version="20.6.0" platform="Darwin" cwd="/Users/scheltie/Documents/git/mscheltienne/pycrostates" machine-name="x86_64" user="" user-domain="" culture="en-US" uiculture="en-US" os-architecture="64bit" /><failure><message><![CDATA[]]></message><stack-trace><![CDATA[None]]></stack-trace></failure><reason><message><![CDATA[&#x1b;[32mINFO    &#x1b;[0m pycrostates:resample.py:170 Resampling instance into 7 resamples of 100 samples covering 858.14% of the original data.]]></message></reason><output><![CDATA[&#x1b;[32mINFO    &#x1b;[0m pycrostates:resample.py:170 Resampling instance into 7 resamples of 100 samples covering 858.14% of the original data.]]></output></test-case><test-case id="160" name="pycrostates/preprocessing/tests/test_resample.py::test_resample_n_resamples_n_samples[inst10-True-7-300]" fullname="pycrostates/preprocessing/tests/test_resample.py::test_resample_n_resamples_n_samples[inst10-True-7-300]" methodname="test_resample_n_resamples_n_samples[inst10-True-7-300]" classname="pycrostates/preprocessing/tests/test_resample.py" runstate="Runnable" seed="1" result="Passed" label="Test resampling with n_resamples and n_samples provided." start-time="2022-06-08 16:12:49.656528" end-time="2022-06-08 16:12:49.661244" duration="0.004716" asserts="0"><properties><property name="python-version" value="3.9.9 (main, Nov 21 2021, 03:23:42) &#10;[Clang 13.0.0 (clang-1300.0.29.3)]" /><property name="fspath" value="pycrostates/preprocessing/tests/test_resample.py" /></properties><environment framework-version="3.6.2" clr-version="3.9.9 (main, Nov 21 2021, 03:23:42) &#10;[Clang 13.0.0 (clang-1300.0.29.3)]" os-version="20.6.0" platform="Darwin" cwd="/Users/scheltie/Documents/git/mscheltienne/pycrostates" machine-name="x86_64" user="" user-domain="" culture="en-US" uiculture="en-US" os-architecture="64bit" /><failure><message><![CDATA[]]></message><stack-trace><![CDATA[None]]></stack-trace></failure><reason><message><![CDATA[&#x1b;[32mINFO    &#x1b;[0m pycrostates:resample.py:170 Resampling instance into 7 resamples of 300 samples covering 286.05% of the original data.]]></message></reason><output><![CDATA[&#x1b;[32mINFO    &#x1b;[0m pycrostates:resample.py:170 Resampling instance into 7 resamples of 300 samples covering 286.05% of the original data.]]></output></test-case><test-case id="161" name="pycrostates/preprocessing/tests/test_resample.py::test_resample_n_resamples_n_samples[inst11-True-7-500]" fullname="pycrostates/preprocessing/tests/test_resample.py::test_resample_n_resamples_n_samples[inst11-True-7-500]" methodname="test_resample_n_resamples_n_samples[inst11-True-7-500]" classname="pycrostates/preprocessing/tests/test_resample.py" runstate="Runnable" seed="1" result="Passed" label="Test resampling with n_resamples and n_samples provided." start-time="2022-06-08 16:12:49.661948" end-time="2022-06-08 16:12:49.666704" duration="0.004756" asserts="0"><properties><property name="python-version" value="3.9.9 (main, Nov 21 2021, 03:23:42) &#10;[Clang 13.0.0 (clang-1300.0.29.3)]" /><property name="fspath" value="pycrostates/preprocessing/tests/test_resample.py" /></properties><environment framework-version="3.6.2" clr-version="3.9.9 (main, Nov 21 2021, 03:23:42) &#10;[Clang 13.0.0 (clang-1300.0.29.3)]" os-version="20.6.0" platform="Darwin" cwd="/Users/scheltie/Documents/git/mscheltienne/pycrostates" machine-name="x86_64" user="" user-domain="" culture="en-US" uiculture="en-US" os-architecture="64bit" /><failure><message><![CDATA[]]></message><stack-trace><![CDATA[None]]></stack-trace></failure><reason><message><![CDATA[&#x1b;[32mINFO    &#x1b;[0m pycrostates:resample.py:170 Resampling instance into 7 resamples of 500 samples covering 171.63% of the original data.]]></message></reason><output><![CDATA[&#x1b;[32mINFO    &#x1b;[0m pycrostates:resample.py:170 Resampling instance into 7 resamples of 500 samples covering 171.63% of the original data.]]></output></test-case><test-case id="162" name="pycrostates/preprocessing/tests/test_resample.py::test_resample_n_resamples_n_samples[inst12-True-9-100]" fullname="pycrostates/preprocessing/tests/test_resample.py::test_resample_n_resamples_n_samples[inst12-True-9-100]" methodname="test_resample_n_resamples_n_samples[inst12-True-9-100]" classname="pycrostates/preprocessing/tests/test_resample.py" runstate="Runnable" seed="1" result="Passed" label="Test resampling with n_resamples and n_samples provided." start-time="2022-06-08 16:12:49.667378" end-time="2022-06-08 16:12:49.672156" duration="0.004778" asserts="0"><properties><property name="python-version" value="3.9.9 (main, Nov 21 2021, 03:23:42) &#10;[Clang 13.0.0 (clang-1300.0.29.3)]" /><property name="fspath" value="pycrostates/preprocessing/tests/test_resample.py" /></properties><environment framework-version="3.6.2" clr-version="3.9.9 (main, Nov 21 2021, 03:23:42) &#10;[Clang 13.0.0 (clang-1300.0.29.3)]" os-version="20.6.0" platform="Darwin" cwd="/Users/scheltie/Documents/git/mscheltienne/pycrostates" machine-name="x86_64" user="" user-domain="" culture="en-US" uiculture="en-US" os-architecture="64bit" /><failure><message><![CDATA[]]></message><stack-trace><![CDATA[None]]></stack-trace></failure><reason><message><![CDATA[&#x1b;[32mINFO    &#x1b;[0m pycrostates:resample.py:170 Resampling instance into 9 resamples of 100 samples covering 667.44% of the original data.]]></message></reason><output><![CDATA[&#x1b;[32mINFO    &#x1b;[0m pycrostates:resample.py:170 Resampling instance into 9 resamples of 100 samples covering 667.44% of the original data.]]></output></test-case><test-case id="163" name="pycrostates/preprocessing/tests/test_resample.py::test_resample_n_resamples_n_samples[inst13-True-9-300]" fullname="pycrostates/preprocessing/tests/test_resample.py::test_resample_n_resamples_n_samples[inst13-True-9-300]" methodname="test_resample_n_resamples_n_samples[inst13-True-9-300]" classname="pycrostates/preprocessing/tests/test_resample.py" runstate="Runnable" seed="1" result="Passed" label="Test resampling with n_resamples and n_samples provided." start-time="2022-06-08 16:12:49.672819" end-time="2022-06-08 16:12:49.677775" duration="0.004956" asserts="0"><properties><property name="python-version" value="3.9.9 (main, Nov 21 2021, 03:23:42) &#10;[Clang 13.0.0 (clang-1300.0.29.3)]" /><property name="fspath" value="pycrostates/preprocessing/tests/test_resample.py" /></properties><environment framework-version="3.6.2" clr-version="3.9.9 (main, Nov 21 2021, 03:23:42) &#10;[Clang 13.0.0 (clang-1300.0.29.3)]" os-version="20.6.0" platform="Darwin" cwd="/Users/scheltie/Documents/git/mscheltienne/pycrostates" machine-name="x86_64" user="" user-domain="" culture="en-US" uiculture="en-US" os-architecture="64bit" /><failure><message><![CDATA[]]></message><stack-trace><![CDATA[None]]></stack-trace></failure><reason><message><![CDATA[&#x1b;[32mINFO    &#x1b;[0m pycrostates:resample.py:170 Resampling instance into 9 resamples of 300 samples covering 222.48% of the original data.]]></message></reason><output><![CDATA[&#x1b;[32mINFO    &#x1b;[0m pycrostates:resample.py:170 Resampling instance into 9 resamples of 300 samples covering 222.48% of the original data.]]></output></test-case><test-case id="164" 
[...]
&#x1b;[33mWARNING &#x1b;[0m pycrostates:_base.py:959 Clustering algorithm has not been fitted.
&#x1b;[33mWARNING &#x1b;[0m pycrostates:_base.py:959 Clustering algorithm has not been fitted.
&#x1b;[33mWARNING &#x1b;[0m pycrostates:_base.py:959 Clustering algorithm has not been fitted.]]></message></reason><output><![CDATA[&#x1b;[33mWARNING &#x1b;[0m pycrostates:_base.py:959 Clustering algorithm has not been fitted.
&#x1b;[33mWARNING &#x1b;[0m pycrostates:_base.py:959 Clustering algorithm has not been fitted.
&#x1b;[33mWARNING &#x1b;[0m pycrostates:_base.py:959 Clustering algorithm has not been fitted.
&#x1b;[33mWARNING &#x1b;[0m pycrostates:_base.py:959 Clustering algorithm has not been fitted.
&#x1b;[33mWARNING &#x1b;[0m pycrostates:_base.py:959 Clustering algorithm has not been fitted.
&#x1b;[33mWARNING &#x1b;[0m pycrostates:_base.py:959 Clustering algorithm has not been fitted.]]></output></test-case><test-case id="117" name="pycrostates/cluster/tests/test_kmeans.py::test_montage_mixin" fullname="pycrostates/cluster/tests/test_kmeans.py::test_montage_mixin" methodname="test_montage_mixin" classname="pycrostates/cluster/tests/test_kmeans.py" runstate="Runnable" seed="1" result="Passed" label="Test montage mixin class." start-time="2022-06-08 16:12:45.763057" end-time="2022-06-08 16:12:45.769916" duration="0.006859" asserts="0"><properties><property name="python-version" value="3.9.9 (main, Nov 21 2021, 03:23:42) &#10;[Clang 13.0.0 (clang-1300.0.29.3)]" /><property name="fspath" value="pycrostates/cluster/tests/test_kmeans.py" /></properties><environment framework-version="3.6.2" clr-version="3.9.9 (main, Nov 21 2021, 03:23:42) &#10;[Clang 13.0.0 (clang-1300.0.29.3)]" os-version="20.6.0" platform="Darwin" cwd="/Users/scheltie/Documents/git/mscheltienne/pycrostates" machine-name="x86_64" user="" user-domain="" culture="en-US" uiculture="en-US" os-architecture="64bit" /><failure><message><![CDATA[]]></message><stack-trace><![CDATA[None]]></stack-trace></failure><reason><message><![CDATA[&#x1b;[33mWARNING &#x1b;[0m pycrostates:_base.py:959 Clustering algorithm has not been fitted.
&#x1b;[33mWARNING &#x1b;[0m pycrostates:_base.py:959 Clustering algorithm has not been fitted.
&#x1b;[33mWARNING &#x1b;[0m pycrostates:_base.py:959 Clustering algorithm has not been fitted.
&#x1b;[33mWARNING &#x1b;[0m pycrostates:_base.py:959 Clustering algorithm has not been fitted.]]></message></reason><output><![CDATA[&#x1b;[33mWARNING &#x1b;[0m pycrostates:_base.py:959 Clustering algorithm has not been fitted.
&#x1b;[33mWARNING &#x1b;[0m pycrostates:_base.py:959 Clustering algorithm has not been fitted.
&#x1b;[33mWARNING &#x1b;[0m pycrostates:_base.py:959 Clustering algorithm has not been fitted.
&#x1b;[33mWARNING &#x1b;[0m pycrostates:_base.py:959 Clustering algorithm has not been fitted.]]></output></test-case><test-case id="118" name="pycrostates/cluster/tests/test_kmeans.py::test_save" fullname="pycrostates/cluster/tests/test_kmeans.py::test_save" methodname="test_save" classname="pycrostates/cluster/tests/test_kmeans.py" runstate="Runnable" seed="1" result="Passed" label="Test .save() method." start-time="2022-06-08 16:12:45.772143" end-time="2022-06-08 16:12:46.043228" duration="0.271085" asserts="0"><properties><property name="python-version" value="3.9.9 (main, Nov 21 2021, 03:23:42) &#10;[Clang 13.0.0 (clang-1300.0.29.3)]" /><property name="fspath" value="pycrostates/cluster/tests/test_kmeans.py" /></properties><environment framework-version="3.6.2" clr-version="3.9.9 (main, Nov 21 2021, 03:23:42) &#10;[Clang 13.0.0 (clang-1300.0.29.3)]" os-version="20.6.0" platform="Darwin" cwd="/Users/scheltie/Documents/git/mscheltienne/pycrostates" machine-name="x86_64" user="" user-domain="" culture="en-US" uiculture="en-US" os-architecture="64bit" /><failure><message><![CDATA[]]></message><stack-trace><![CDATA[None]]></stack-trace></failure><reason><message><![CDATA[&#x1b;[32mINFO    &#x1b;[0m pycrostates:fiff.py:125 Writing clustering solution to /private/var/folders/b1/kx2x00x95ls80zzkct4647sh0000gn/T/pytest-of-scheltie/pytest-2/test_save0/cluster.fif...
&#x1b;[32mINFO    &#x1b;[0m pycrostates:fiff.py:125 Writing clustering solution to /private/var/folders/b1/kx2x00x95ls80zzkct4647sh0000gn/T/pytest-of-scheltie/pytest-2/test_save0/cluster.fif.gz...
&#x1b;[32mINFO    &#x1b;[0m pycrostates:fiff.py:239 Reading clustering solution from /private/var/folders/b1/kx2x00x95ls80zzkct4647sh0000gn/T/pytest-of-scheltie/pytest-2/test_save0/cluster.fif...
&#x1b;[32mINFO    &#x1b;[0m pycrostates:reader.py:30 Cluster solution loaded was saved with pycrostates '0.1.0.dev0'.
&#x1b;[32mINFO    &#x1b;[0m pycrostates:fiff.py:239 Reading clustering solution from /private/var/folders/b1/kx2x00x95ls80zzkct4647sh0000gn/T/pytest-of-scheltie/pytest-2/test_save0/cluster.fif.gz...
&#x1b;[33mWARNING &#x1b;[0m pycrostates:utils.py:86 Instance to segment into microstates sequence does not have the same channels montage as the instance used for fitting. 
&#x1b;[32mINFO    &#x1b;[0m pycrostates:_base.py:611 Segmenting data without smoothing.
&#x1b;[32mINFO    &#x1b;[0m pycrostates:_base.py:625 Rejecting first and last segments.
&#x1b;[33mWARNING &#x1b;[0m pycrostates:utils.py:86 Instance to segment into microstates sequence does not have the same channels montage as the instance used for fitting. 
&#x1b;[32mINFO    &#x1b;[0m pycrostates:_base.py:611 Segmenting data without smoothing.
&#x1b;[32mINFO    &#x1b;[0m pycrostates:_base.py:625 Rejecting first and last segments.
&#x1b;[33mWARNING &#x1b;[0m pycrostates:utils.py:86 Instance to segment into microstates sequence does not have the same channels montage as the instance used for fitting. 
&#x1b;[32mINFO    &#x1b;[0m pycrostates:_base.py:611 Segmenting data without smoothing.
&#x1b;[32mINFO    &#x1b;[0m pycrostates:_base.py:625 Rejecting first and last segments.]]></message></reason><output><![CDATA[&#x1b;[32mINFO    &#x1b;[0m pycrostates:fiff.py:125 Writing clustering solution to /private/var/folders/b1/kx2x00x95ls80zzkct4647sh0000gn/T/pytest-of-scheltie/pytest-2/test_save0/cluster.fif...
&#x1b;[32mINFO    &#x1b;[0m pycrostates:fiff.py:125 Writing clustering solution to /private/var/folders/b1/kx2x00x95ls80zzkct4647sh0000gn/T/pytest-of-scheltie/pytest-2/test_save0/cluster.fif.gz...
&#x1b;[32mINFO    &#x1b;[0m pycrostates:fiff.py:239 Reading clustering solution from /private/var/folders/b1/kx2x00x95ls80zzkct4647sh0000gn/T/pytest-of-scheltie/pytest-2/test_save0/cluster.fif...
&#x1b;[32mINFO    &#x1b;[0m pycrostates:reader.py:30 Cluster solution loaded was saved with pycrostates '0.1.0.dev0'.
&#x1b;[32mINFO    &#x1b;[0m pycrostates:fiff.py:239 Reading clustering solution from /private/var/folders/b1/kx2x00x95ls80zzkct4647sh0000gn/T/pytest-of-scheltie/pytest-2/test_save0/cluster.fif.gz...
&#x1b;[33mWARNING &#x1b;[0m pycrostates:utils.py:86 Instance to segment into microstates sequence does not have the same channels montage as the instance used for fitting. 
&#x1b;[32mINFO    &#x1b;[0m pycrostates:_base.py:611 Segmenting data without smoothing.
&#x1b;[32mINFO    &#x1b;[0m pycrostates:_base.py:625 Rejecting first and last segments.
&#x1b;[33mWARNING &#x1b;[0m pycrostates:utils.py:86 Instance to segment into microstates sequence does not have the same channels montage as the instance used for fitting. 
&#x1b;[32mINFO    &#x1b;[0m pycrostates:_base.py:611 Segmenting data without smoothing.
&#x1b;[32mINFO    &#x1b;[0m pycrostates:_base.py:625 Rejecting first and last segments.
&#x1b;[33mWARNING &#x1b;[0m pycrostates:utils.py:86 Instance to segment into microstates sequence does not have the same channels montage as the instance used for fitting. 
&#x1b;[32mINFO    &#x1b;[0m pycrostates:_base.py:611 Segmenting data without smoothing.
&#x1b;[32mINFO    &#x1b;[0m pycrostates:_base.py:625 Rejecting first and last segments.]]></output></test-case><test-case id="119" name="pycrostates/cluster/tests/test_kmeans.py::test_comparison" fullname="pycrostates/cluster/tests/test_kmeans.py::test_comparison" methodname="test_comparison" classname="pycrostates/cluster/tests/test_kmeans.py" runstate="Runnable" seed="1" result="Passed" label="Test == and != methods." start-time="2022-06-08 16:12:46.043814" end-time="2022-06-08 16:12:46.442548" duration="0.398734" asserts="0"><properties><property name="python-version" value="3.9.9 (main, Nov 21 2021, 03:23:42) &#10;[Clang 13.0.0 (clang-1300.0.29.3)]" /><property name="fspath" value="pycrostates/cluster/tests/test_kmeans.py" /></properties><environment framework-version="3.6.2" clr-version="3.9.9 (main, Nov 21 2021, 03:23:42) &#10;[Clang 13.0.0 (clang-1300.0.29.3)]" os-version="20.6.0" platform="Darwin" cwd="/Users/scheltie/Documents/git/mscheltienne/pycrostates" machine-name="x86_64" user="" user-domain="" culture="en-US" uiculture="en-US" os-architecture="64bit" /><failure><message><![CDATA[]]></message><stack-trace><![CDATA[None]]></stack-trace></failure><reason><message><![CDATA[&#x1b;[33mWARNING &#x1b;[0m pycrostates:_base.py:129 Cluster names differ between both clustering solution. Consider using '.rename_clusters' to change the cluster names.]]></message></reason><output><![CDATA[&#x1b;[33mWARNING &#x1b;[0m pycrostates:_base.py:129 Cluster names differ between both clustering solution. Consider using '.rename_clusters' to change the cluster names.]]></output></test-case><environment framework-version="3.6.2" clr-version="3.9.9 (main, Nov 21 2021, 03:23:42) &#10;[Clang 13.0.0 (clang-1300.0.29.3)]" os-version="20.6.0" platform="Darwin" cwd="/Users/scheltie/Documents/git/mscheltienne/pycrostates" machine-name="x86_64" user="" user-domain="" culture="en-US" uiculture="en-US" os-architecture="64bit" /></test-suite><test-suite id="pycrostates/cluster/tests/test_base.py" name="pycrostates/cluster/tests/test_base.py" fullname="pycrostates/cluster/tests/test_base.py" methodname="" classname="" runstate="Runnable" type="Assembly" testcasecount="3" result="Passed" label="Test staticmethod from base cluster class." start-time="2022-06-08 16:12:37.737205" end-time="2022-06-08 16:12:37.740322" duration="0.003117" asserts="0" total="3" passed="3" failed="0" warnings="0" inconclusive="0" skipped="0"><properties><property name="python_version" value="3.9.9 (main, Nov 21 2021, 03:23:42) &#10;[Clang 13.0.0 (clang-1300.0.29.3)]" /></properties><test-case id="100" name="pycrostates/cluster/tests/test_base.py::test_check_n_clusters" fullname="pycrostates/cluster/tests/test_base.py::test_check_n_clusters" methodname="test_check_n_clusters" classname="pycrostates/cluster/tests/test_base.py" runstate="Runnable" seed="1" result="Passed" label="Test the checker for n_clusters argument." start-time="2022-06-08 16:12:37.737205" end-time="2022-06-08 16:12:37.737960" duration="0.000755" asserts="0"><properties><property name="python-version" value="3.9.9 (main, Nov 21 2021, 03:23:42) &#10;[Clang 13.0.0 (clang-1300.0.29.3)]" /><property name="fspath" value="pycrostates/cluster/tests/test_base.py" /></properties><environment framework-version="3.6.2" clr-version="3.9.9 (main, Nov 21 2021, 03:23:42) &#10;[Clang 13.0.0 (clang-1300.0.29.3)]" os-version="20.6.0" platform="Darwin" cwd="/Users/scheltie/Documents/git/mscheltienne/pycrostates" machine-name="x86_64" user="" user-domain="" culture="en-US" uiculture="en-US" os-architecture="64bit" /><failure><message><![CDATA[]]></message><stack-trace><![CDATA[None]]></stack-trace></failure><reason><message><![CDATA[]]></message></reason><output><![CDATA[]]></output></test-case><test-case id="101" name="pycrostates/cluster/tests/test_base.py::test_reject_edge_segments" fullname="pycrostates/cluster/tests/test_base.py::test_reject_edge_segments" methodname="test_reject_edge_segments" classname="pycrostates/cluster/tests/test_base.py" runstate="Runnable" seed="1" result="Passed" label="Test method rejecting edge segments." start-time="2022-06-08 16:12:37.738360" end-time="2022-06-08 16:12:37.738821" duration="0.000461" asserts="0"><properties><property name="python-version" value="3.9.9 (main, Nov 21 2021, 03:23:42) &#10;[Clang 13.0.0 (clang-1300.0.29.3)]" /><property name="fspath" value="pycrostates/cluster/tests/test_base.py" /></properties><environment framework-version="3.6.2" clr-version="3.9.9 (main, Nov 21 2021, 03:23:42) &#10;[Clang 13.0.0 (clang-1300.0.29.3)]" os-version="20.6.0" platform="Darwin" cwd="/Users/scheltie/Documents/git/mscheltienne/pycrostates" machine-name="x86_64" user="" user-domain="" culture="en-US" uiculture="en-US" os-architecture="64bit" /><failure><message><![CDATA[]]></message><stack-trace><![CDATA[None]]></stack-trace></failure><reason><message><![CDATA[]]></message></reason><output><![CDATA[]]></output></test-case><test-case id="102" name="pycrostates/cluster/tests/test_base.py::test_reject_short_segments" fullname="pycrostates/cluster/tests/test_base.py::test_reject_short_segments" methodname="test_reject_short_segments" classname="pycrostates/cluster/tests/test_base.py" runstate="Runnable" seed="1" result="Passed" label="Test method rejecting short segments." start-time="2022-06-08 16:12:37.739189" end-time="2022-06-08 16:12:37.740322" duration="0.001133" asserts="0"><properties><property name="python-version" value="3.9.9 (main, Nov 21 2021, 03:23:42) &#10;[Clang 13.0.0 (clang-1300.0.29.3)]" /><property name="fspath" value="pycrostates/cluster/tests/test_base.py" /></properties><environment framework-version="3.6.2" clr-version="3.9.9 (main, Nov 21 2021, 03:23:42) &#10;[Clang 13.0.0 (clang-1300.0.29.3)]" os-version="20.6.0" platform="Darwin" cwd="/Users/scheltie/Documents/git/mscheltienne/pycrostates" machine-name="x86_64" user="" user-domain="" culture="en-US" uiculture="en-US" os-architecture="64bit" /><failure><message><![CDATA[]]></message><stack-trace><![CDATA[None]]></stack-trace></failure><reason><message><![CDATA[]]></message></reason><output><![CDATA[]]></output></test-case><environment framework-version="3.6.2" clr-version="3.9.9 (main, Nov 21 2021, 03:23:42) &#10;[Clang 13.0.0 (clang-1300.0.29.3)]" os-version="20.6.0" platform="Darwin" cwd="/Users/scheltie/Documents/git/mscheltienne/pycrostates" machine-name="x86_64" user="" user-domain="" culture="en-US" uiculture="en-US" os-architecture="64bit" /></test-suite><test-suite id="pycrostates/utils/tests/test_mixin.py" name="pycrostates/utils/tests/test_mixin.py" fullname="pycrostates/utils/tests/test_mixin.py" methodname="" classname="" runstate="Runnable" type="Assembly" testcasecount="2" result="Passed" label="Test mixins.py" start-time="2022-06-08 16:12:54.948903" end-time="2022-06-08 16:12:54.953358" duration="0.004455" asserts="0" total="2" passed="2" failed="0" warnings="0" inconclusive="0" skipped="0"><properties><property name="python_version" value="3.9.9 (main, Nov 21 2021, 03:23:42) &#10;[Clang 13.0.0 (clang-1300.0.29.3)]" /></properties><test-case id="364" name="pycrostates/utils/tests/test_mixin.py::test_contains_mixin" fullname="pycrostates/utils/tests/test_mixin.py::test_contains_mixin" methodname="test_contains_mixin" classname="pycrostates/utils/tests/test_mixin.py" runstate="Runnable" seed="1" result="Passed" label="Test ContainsMixin." start-time="2022-06-08 16:12:54.948903" end-time="2022-06-08 16:12:54.950033" duration="0.00113" asserts="0"><properties><property name="python-version" value="3.9.9 (main, Nov 21 2021, 03:23:42) &#10;[Clang 13.0.0 (clang-1300.0.29.3)]" /><property name="fspath" value="pycrostates/utils/tests/test_mixin.py" /></properties><environment framework-version="3.6.2" clr-version="3.9.9 (main, Nov 21 2021, 03:23:42) &#10;[Clang 13.0.0 (clang-1300.0.29.3)]" os-version="20.6.0" platform="Darwin" cwd="/Users/scheltie/Documents/git/mscheltienne/pycrostates" machine-name="x86_64" user="" user-domain="" culture="en-US" uiculture="en-US" os-architecture="64bit" /><failure><message><![CDATA[]]></message><stack-trace><![CDATA[None]]></stack-trace></failure><reason><message><![CDATA[]]></message></reason><output><![CDATA[]]></output></test-case><test-case id="365" name="pycrostates/utils/tests/test_mixin.py::test_montage_mixin" fullname="pycrostates/utils/tests/test_mixin.py::test_montage_mixin" methodname="test_montage_mixin" classname="pycrostates/utils/tests/test_mixin.py" runstate="Runnable" seed="1" result="Passed" label="Test MontageMixin." start-time="2022-06-08 16:12:54.950361" end-time="2022-06-08 16:12:54.953358" duration="0.002997" asserts="0"><properties><property name="python-version" value="3.9.9 (main, Nov 21 2021, 03:23:42) &#10;[Clang 13.0.0 (clang-1300.0.29.3)]" /><property name="fspath" value="pycrostates/utils/tests/test_mixin.py" /></properties><environment framework-version="3.6.2" clr-version="3.9.9 (main, Nov 21 2021, 03:23:42) &#10;[Clang 13.0.0 (clang-1300.0.29.3)]" os-version="20.6.0" platform="Darwin" cwd="/Users/scheltie/Documents/git/mscheltienne/pycrostates" machine-name="x86_64" user="" user-domain="" culture="en-US" uiculture="en-US" os-architecture="64bit" /><failure><message><![CDATA[]]></message><stack-trace><![CDATA[None]]></stack-trace></failure><reason><message><![CDATA[]]></message></reason><output><![CDATA[]]></output></test-case><environment framework-version="3.6.2" clr-version="3.9.9 (main, Nov 21 2021, 03:23:42) &#10;[Clang 13.0.0 (clang-1300.0.29.3)]" os-version="20.6.0" platform="Darwin" cwd="/Users/scheltie/Documents/git/mscheltienne/pycrostates" machine-name="x86_64" user="" user-domain="" culture="en-US" uiculture="en-US" os-architecture="64bit" /></test-suite><test-suite id="pycrostates/utils/tests/test_imports.py" name="pycrostates/utils/tests/test_imports.py" fullname="pycrostates/utils/tests/test_imports.py" methodname="" classname="" runstate="Runnable" type="Assembly" testcasecount="1" result="Passed" label="Test _imports.py" start-time="2022-06-08 16:12:54.946300" end-time="2022-06-08 16:12:54.948437" duration="0.002137" asserts="0" total="1" passed="1" failed="0" warnings="0" inconclusive="0" skipped="0"><properties><property name="python_version" value="3.9.9 (main, Nov 21 2021, 03:23:42) &#10;[Clang 13.0.0 (clang-1300.0.29.3)]" /></properties><test-case id="363" name="pycrostates/utils/tests/test_imports.py::test_import_optional_dependency" fullname="pycrostates/utils/tests/test_imports.py::test_import_optional_dependency" methodname="test_import_optional_dependency" classname="pycrostates/utils/tests/test_imports.py" runstate="Runnable" seed="1" result="Passed" label="Test the import of optional dependencies." start-time="2022-06-08 16:12:54.946300" end-time="2022-06-08 16:12:54.948437" duration="0.002137" asserts="0"><properties><property name="python-version" value="3.9.9 (main, Nov 21 2021, 03:23:42) &#10;[Clang 13.0.0 (clang-1300.0.29.3)]" /><property name="fspath" value="pycrostates/utils/tests/test_imports.py" /></properties><environment framework-version="3.6.2" clr-version="3.9.9 (main, Nov 21 2021, 03:23:42) &#10;[Clang 13.0.0 (clang-1300.0.29.3)]" os-version="20.6.0" platform="Darwin" cwd="/Users/scheltie/Documents/git/mscheltienne/pycrostates" machine-name="x86_64" user="" user-domain="" culture="en-US" uiculture="en-US" os-architecture="64bit" /><failure><message><![CDATA[]]></message><stack-trace><![CDATA[None]]></stack-trace></failure><reason><message><![CDATA[&#x1b;[33mWARNING &#x1b;[0m pycrostates:_imports.py:56 Missing optional dependency 'non_existing_pkg'.  Use pip or conda to install 'non_existing_pkg'.]]></message></reason><output><![CDATA[&#x1b;[33mWARNING &#x1b;[0m pycrostates:_imports.py:56 Missing optional dependency 'non_existing_pkg'.  Use pip or conda to install 'non_existing_pkg'.]]></output></test-case><environment framework-version="3.6.2" clr-version="3.9.9 (main, Nov 21 2021, 03:23:42) &#10;[Clang 13.0.0 (clang-1300.0.29.3)]" os-version="20.6.0" platform="Darwin" cwd="/Users/scheltie/Documents/git/mscheltienne/pycrostates" machine-name="x86_64" user="" user-domain="" culture="en-US" uiculture="en-US" os-architecture="64bit" /></test-suite></test-run>